{"/home/travis/build/npmtest/node-npmtest-actionhero/test.js":{"path":"/home/travis/build/npmtest/node-npmtest-actionhero/test.js","s":{"1":2,"2":2,"3":2,"4":2,"5":2,"6":2,"7":2,"8":1,"9":2,"10":2,"11":1,"12":1,"13":1,"14":1,"15":2,"16":2,"17":2,"18":2,"19":1,"20":1,"21":2,"22":2,"23":2,"24":1,"25":1,"26":1,"27":1,"28":1,"29":1,"30":1,"31":1,"32":1,"33":1,"34":1,"35":1,"36":1,"37":1,"38":1,"39":2,"40":2,"41":1,"42":2,"43":2,"44":1,"45":2,"46":2,"47":1,"48":2,"49":2,"50":1,"51":1,"52":1,"53":1,"54":1},"b":{"1":[2,1,1,1],"2":[1,1,1,1],"3":[1,1],"4":[1,1],"5":[1,1],"6":[1,1],"7":[1,1],"8":[1,1],"9":[1,1],"10":[1,1,1],"11":[1,1],"12":[1,1],"13":[1,1],"14":[1,1],"15":[1,1],"16":[1,1],"17":[1,1]},"f":{"1":2,"2":2,"3":2,"4":2,"5":2,"6":1,"7":1,"8":1,"9":2,"10":2,"11":2,"12":2,"13":1},"fnMap":{"1":{"name":"(anonymous_1)","line":12,"loc":{"start":{"line":12,"column":1},"end":{"line":12,"column":13}}},"2":{"name":"(anonymous_2)","line":19,"loc":{"start":{"line":19,"column":5},"end":{"line":19,"column":17}}},"3":{"name":"(anonymous_3)","line":23,"loc":{"start":{"line":23,"column":24},"end":{"line":23,"column":36}}},"4":{"name":"(anonymous_4)","line":61,"loc":{"start":{"line":61,"column":5},"end":{"line":61,"column":17}}},"5":{"name":"(anonymous_5)","line":82,"loc":{"start":{"line":82,"column":5},"end":{"line":82,"column":17}}},"6":{"name":"(anonymous_6)","line":91,"loc":{"start":{"line":91,"column":77},"end":{"line":94,"column":10}}},"7":{"name":"(anonymous_7)","line":112,"loc":{"start":{"line":112,"column":83},"end":{"line":115,"column":10}},"skip":true},"8":{"name":"(anonymous_8)","line":123,"loc":{"start":{"line":123,"column":77},"end":{"line":126,"column":10}},"skip":true},"9":{"name":"(anonymous_9)","line":139,"loc":{"start":{"line":139,"column":12},"end":{"line":139,"column":40}},"skip":true},"10":{"name":"(anonymous_10)","line":147,"loc":{"start":{"line":147,"column":77},"end":{"line":150,"column":10}},"skip":true},"11":{"name":"(anonymous_11)","line":158,"loc":{"start":{"line":158,"column":83},"end":{"line":161,"column":10}},"skip":true},"12":{"name":"(anonymous_12)","line":169,"loc":{"start":{"line":169,"column":79},"end":{"line":172,"column":10}},"skip":true},"13":{"name":"(anonymous_13)","line":180,"loc":{"start":{"line":180,"column":75},"end":{"line":183,"column":10}},"skip":true}},"statementMap":{"1":{"start":{"line":12,"column":0},"end":{"line":195,"column":5}},"2":{"start":{"line":14,"column":4},"end":{"line":14,"column":14}},"3":{"start":{"line":19,"column":4},"end":{"line":56,"column":9}},"4":{"start":{"line":21,"column":8},"end":{"line":21,"column":19}},"5":{"start":{"line":23,"column":8},"end":{"line":35,"column":13}},"6":{"start":{"line":24,"column":12},"end":{"line":34,"column":13}},"7":{"start":{"line":25,"column":16},"end":{"line":28,"column":30}},"8":{"start":{"line":30,"column":16},"end":{"line":33,"column":27}},"9":{"start":{"line":37,"column":8},"end":{"line":39,"column":21}},"10":{"start":{"line":40,"column":8},"end":{"line":53,"column":9}},"11":{"start":{"line":43,"column":12},"end":{"line":46,"column":14}},"12":{"start":{"line":47,"column":12},"end":{"line":47,"column":18}},"13":{"start":{"line":50,"column":12},"end":{"line":51,"column":46}},"14":{"start":{"line":52,"column":12},"end":{"line":52,"column":18}},"15":{"start":{"line":55,"column":8},"end":{"line":55,"column":35}},"16":{"start":{"line":61,"column":4},"end":{"line":63,"column":9}},"17":{"start":{"line":62,"column":8},"end":{"line":62,"column":15}},"18":{"start":{"line":64,"column":4},"end":{"line":77,"column":5}},"19":{"start":{"line":70,"column":8},"end":{"line":70,"column":14}},"20":{"start":{"line":76,"column":8},"end":{"line":76,"column":14}},"21":{"start":{"line":82,"column":4},"end":{"line":84,"column":9}},"22":{"start":{"line":83,"column":8},"end":{"line":83,"column":15}},"23":{"start":{"line":85,"column":4},"end":{"line":194,"column":5}},"24":{"start":{"line":91,"column":8},"end":{"line":99,"column":10}},"25":{"start":{"line":98,"column":12},"end":{"line":98,"column":35}},"26":{"start":{"line":102,"column":8},"end":{"line":104,"column":63}},"27":{"start":{"line":105,"column":8},"end":{"line":105,"column":14}},"28":{"start":{"line":112,"column":8},"end":{"line":121,"column":10},"skip":true},"29":{"start":{"line":119,"column":12},"end":{"line":119,"column":55},"skip":true},"30":{"start":{"line":120,"column":12},"end":{"line":120,"column":48},"skip":true},"31":{"start":{"line":123,"column":8},"end":{"line":136,"column":10},"skip":true},"32":{"start":{"line":130,"column":12},"end":{"line":130,"column":76},"skip":true},"33":{"start":{"line":131,"column":12},"end":{"line":131,"column":73},"skip":true},"34":{"start":{"line":132,"column":12},"end":{"line":132,"column":74},"skip":true},"35":{"start":{"line":133,"column":12},"end":{"line":133,"column":79},"skip":true},"36":{"start":{"line":134,"column":12},"end":{"line":134,"column":25},"skip":true},"37":{"start":{"line":135,"column":12},"end":{"line":135,"column":45},"skip":true},"38":{"start":{"line":138,"column":8},"end":{"line":145,"column":14},"skip":true},"39":{"start":{"line":143,"column":16},"end":{"line":143,"column":29},"skip":true},"40":{"start":{"line":144,"column":16},"end":{"line":144,"column":55},"skip":true},"41":{"start":{"line":147,"column":8},"end":{"line":156,"column":10},"skip":true},"42":{"start":{"line":154,"column":12},"end":{"line":154,"column":25},"skip":true},"43":{"start":{"line":155,"column":12},"end":{"line":155,"column":45},"skip":true},"44":{"start":{"line":158,"column":8},"end":{"line":167,"column":10},"skip":true},"45":{"start":{"line":165,"column":12},"end":{"line":165,"column":25},"skip":true},"46":{"start":{"line":166,"column":12},"end":{"line":166,"column":48},"skip":true},"47":{"start":{"line":169,"column":8},"end":{"line":178,"column":10},"skip":true},"48":{"start":{"line":176,"column":12},"end":{"line":176,"column":25},"skip":true},"49":{"start":{"line":177,"column":12},"end":{"line":177,"column":46},"skip":true},"50":{"start":{"line":180,"column":8},"end":{"line":189,"column":10},"skip":true},"51":{"start":{"line":187,"column":12},"end":{"line":187,"column":94},"skip":true},"52":{"start":{"line":188,"column":12},"end":{"line":188,"column":48},"skip":true},"53":{"start":{"line":192,"column":8},"end":{"line":192,"column":35},"skip":true},"54":{"start":{"line":193,"column":8},"end":{"line":193,"column":14},"skip":true}},"branchMap":{"1":{"line":25,"type":"binary-expr","locations":[{"start":{"line":25,"column":23},"end":{"line":25,"column":62}},{"start":{"line":26,"column":20},"end":{"line":26,"column":70}},{"start":{"line":27,"column":20},"end":{"line":27,"column":71}},{"start":{"line":28,"column":20},"end":{"line":28,"column":29}}]},"2":{"line":30,"type":"binary-expr","locations":[{"start":{"line":30,"column":23},"end":{"line":30,"column":37}},{"start":{"line":31,"column":20},"end":{"line":31,"column":61}},{"start":{"line":32,"column":20},"end":{"line":32,"column":70}},{"start":{"line":33,"column":20},"end":{"line":33,"column":26}}]},"3":{"line":37,"type":"cond-expr","locations":[{"start":{"line":38,"column":14},"end":{"line":38,"column":20}},{"start":{"line":39,"column":14},"end":{"line":39,"column":20}}]},"4":{"line":40,"type":"switch","locations":[{"start":{"line":42,"column":8},"end":{"line":47,"column":18}},{"start":{"line":49,"column":8},"end":{"line":52,"column":18}}]},"5":{"line":44,"type":"binary-expr","locations":[{"start":{"line":44,"column":16},"end":{"line":44,"column":44}},{"start":{"line":44,"column":48},"end":{"line":44,"column":66}}]},"6":{"line":50,"type":"binary-expr","locations":[{"start":{"line":50,"column":21},"end":{"line":50,"column":49}},{"start":{"line":50,"column":53},"end":{"line":50,"column":72}}]},"7":{"line":64,"type":"switch","locations":[{"start":{"line":69,"column":4},"end":{"line":70,"column":14}},{"start":{"line":75,"column":4},"end":{"line":76,"column":14}}]},"8":{"line":85,"type":"switch","locations":[{"start":{"line":90,"column":4},"end":{"line":105,"column":14}},{"start":{"line":111,"column":4},"end":{"line":193,"column":14},"skip":true}]},"9":{"line":91,"type":"binary-expr","locations":[{"start":{"line":91,"column":42},"end":{"line":91,"column":73}},{"start":{"line":91,"column":77},"end":{"line":99,"column":9}}]},"10":{"line":102,"type":"binary-expr","locations":[{"start":{"line":102,"column":18},"end":{"line":102,"column":32}},{"start":{"line":103,"column":12},"end":{"line":103,"column":53}},{"start":{"line":104,"column":12},"end":{"line":104,"column":61}}]},"11":{"line":112,"type":"binary-expr","locations":[{"start":{"line":112,"column":45},"end":{"line":112,"column":79},"skip":true},{"start":{"line":112,"column":83},"end":{"line":121,"column":9},"skip":true}]},"12":{"line":123,"type":"binary-expr","locations":[{"start":{"line":123,"column":42},"end":{"line":123,"column":73},"skip":true},{"start":{"line":123,"column":77},"end":{"line":136,"column":9},"skip":true}]},"13":{"line":138,"type":"binary-expr","locations":[{"start":{"line":138,"column":48},"end":{"line":138,"column":85},"skip":true},{"start":{"line":139,"column":12},"end":{"line":145,"column":13},"skip":true}]},"14":{"line":147,"type":"binary-expr","locations":[{"start":{"line":147,"column":42},"end":{"line":147,"column":73},"skip":true},{"start":{"line":147,"column":77},"end":{"line":156,"column":9},"skip":true}]},"15":{"line":158,"type":"binary-expr","locations":[{"start":{"line":158,"column":45},"end":{"line":158,"column":79},"skip":true},{"start":{"line":158,"column":83},"end":{"line":167,"column":9},"skip":true}]},"16":{"line":169,"type":"binary-expr","locations":[{"start":{"line":169,"column":43},"end":{"line":169,"column":75},"skip":true},{"start":{"line":169,"column":79},"end":{"line":178,"column":9},"skip":true}]},"17":{"line":180,"type":"binary-expr","locations":[{"start":{"line":180,"column":41},"end":{"line":180,"column":71},"skip":true},{"start":{"line":180,"column":75},"end":{"line":189,"column":9},"skip":true}]}},"code":["/* istanbul instrument in package npmtest_actionhero */","/*jslint","    bitwise: true,","    browser: true,","    maxerr: 8,","    maxlen: 96,","    node: true,","    nomen: true,","    regexp: true,","    stupid: true","*/","(function () {","    'use strict';","    var local;","","","","    // run shared js-env code - pre-init","    (function () {","        // init local","        local = {};","        // init modeJs","        local.modeJs = (function () {","            try {","                return typeof navigator.userAgent === 'string' &&","                    typeof document.querySelector('body') === 'object' &&","                    typeof XMLHttpRequest.prototype.open === 'function' &&","                    'browser';","            } catch (errorCaughtBrowser) {","                return module.exports &&","                    typeof process.versions.node === 'string' &&","                    typeof require('http').createServer === 'function' &&","                    'node';","            }","        }());","        // init global","        local.global = local.modeJs === 'browser'","            ? window","            : global;","        switch (local.modeJs) {","        // re-init local from window.local","        case 'browser':","            local = local.global.utility2.objectSetDefault(","                local.global.utility2_rollup || local.global.local,","                local.global.utility2","            );","            break;","        // re-init local from example.js","        case 'node':","            local = (local.global.utility2_rollup || require('utility2'))","                .requireExampleJsFromReadme();","            break;","        }","        // export local","        local.global.local = local;","    }());","","","","    // run shared js-env code - function","    (function () {","        return;","    }());","    switch (local.modeJs) {","","","","    // run browser js-env code - function","    case 'browser':","        break;","","","","    // run node js-env code - function","    case 'node':","        break;","    }","","","","    // run shared js-env code - post-init","    (function () {","        return;","    }());","    switch (local.modeJs) {","","","","    // run browser js-env code - post-init","    case 'browser':","        local.testCase_browser_nullCase = local.testCase_browser_nullCase || function (","            options,","            onError","        ) {","        /*","         * this function will test browsers's null-case handling-behavior-behavior","         */","            onError(null, options);","        };","","        // run tests","        local.nop(local.modeTest &&","            document.querySelector('#testRunButton1') &&","            document.querySelector('#testRunButton1').click());","        break;","","","","    // run node js-env code - post-init","    /* istanbul ignore next */","    case 'node':","        local.testCase_buildApidoc_default = local.testCase_buildApidoc_default || function (","            options,","            onError","        ) {","        /*","         * this function will test buildApidoc's default handling-behavior-behavior","         */","            options = { modulePathList: module.paths };","            local.buildApidoc(options, onError);","        };","","        local.testCase_buildApp_default = local.testCase_buildApp_default || function (","            options,","            onError","        ) {","        /*","         * this function will test buildApp's default handling-behavior-behavior","         */","            local.testCase_buildReadme_default(options, local.onErrorThrow);","            local.testCase_buildLib_default(options, local.onErrorThrow);","            local.testCase_buildTest_default(options, local.onErrorThrow);","            local.testCase_buildCustomOrg_default(options, local.onErrorThrow);","            options = [];","            local.buildApp(options, onError);","        };","","        local.testCase_buildCustomOrg_default = local.testCase_buildCustomOrg_default ||","            function (options, onError) {","            /*","             * this function will test buildCustomOrg's default handling-behavior","             */","                options = {};","                local.buildCustomOrg(options, onError);","            };","","        local.testCase_buildLib_default = local.testCase_buildLib_default || function (","            options,","            onError","        ) {","        /*","         * this function will test buildLib's default handling-behavior","         */","            options = {};","            local.buildLib(options, onError);","        };","","        local.testCase_buildReadme_default = local.testCase_buildReadme_default || function (","            options,","            onError","        ) {","        /*","         * this function will test buildReadme's default handling-behavior-behavior","         */","            options = {};","            local.buildReadme(options, onError);","        };","","        local.testCase_buildTest_default = local.testCase_buildTest_default || function (","            options,","            onError","        ) {","        /*","         * this function will test buildTest's default handling-behavior","         */","            options = {};","            local.buildTest(options, onError);","        };","","        local.testCase_webpage_default = local.testCase_webpage_default || function (","            options,","            onError","        ) {","        /*","         * this function will test webpage's default handling-behavior","         */","            options = { modeCoverageMerge: true, url: local.serverLocalHost + '?modeTest=1' };","            local.browserTest(options, onError);","        };","","        // run test-server","        local.testRunServer(local);","        break;","    }","}());",""],"l":{"12":2,"14":2,"19":2,"21":2,"23":2,"24":2,"25":2,"30":1,"37":2,"40":2,"43":1,"47":1,"50":1,"52":1,"55":2,"61":2,"62":2,"64":2,"70":1,"76":1,"82":2,"83":2,"85":2,"91":1,"98":1,"102":1,"105":1,"112":1,"119":1,"120":1,"123":1,"130":1,"131":1,"132":1,"133":1,"134":1,"135":1,"138":1,"143":2,"144":2,"147":1,"154":2,"155":2,"158":1,"165":2,"166":2,"169":1,"176":2,"177":2,"180":1,"187":1,"188":1,"192":1,"193":1}},"/home/travis/build/npmtest/node-npmtest-actionhero/lib.npmtest_actionhero.js":{"path":"/home/travis/build/npmtest/node-npmtest-actionhero/lib.npmtest_actionhero.js","s":{"1":2,"2":2,"3":2,"4":2,"5":2,"6":2,"7":2,"8":1,"9":2,"10":2,"11":2,"12":2,"13":1,"14":1,"15":1,"16":1},"b":{"1":[2,1,1,1],"2":[1,1,1,1],"3":[1,1],"4":[2,2],"5":[1,1]},"f":{"1":2,"2":2,"3":2},"fnMap":{"1":{"name":"(anonymous_1)","line":12,"loc":{"start":{"line":12,"column":1},"end":{"line":12,"column":13}}},"2":{"name":"(anonymous_2)","line":19,"loc":{"start":{"line":19,"column":5},"end":{"line":19,"column":17}}},"3":{"name":"(anonymous_3)","line":23,"loc":{"start":{"line":23,"column":24},"end":{"line":23,"column":36}}}},"statementMap":{"1":{"start":{"line":12,"column":0},"end":{"line":53,"column":5}},"2":{"start":{"line":14,"column":4},"end":{"line":14,"column":14}},"3":{"start":{"line":19,"column":4},"end":{"line":52,"column":9}},"4":{"start":{"line":21,"column":8},"end":{"line":21,"column":19}},"5":{"start":{"line":23,"column":8},"end":{"line":35,"column":13}},"6":{"start":{"line":24,"column":12},"end":{"line":34,"column":13}},"7":{"start":{"line":25,"column":16},"end":{"line":28,"column":30}},"8":{"start":{"line":30,"column":16},"end":{"line":33,"column":27}},"9":{"start":{"line":37,"column":8},"end":{"line":39,"column":21}},"10":{"start":{"line":41,"column":8},"end":{"line":41,"column":54}},"11":{"start":{"line":43,"column":8},"end":{"line":43,"column":55}},"12":{"start":{"line":45,"column":8},"end":{"line":51,"column":9}},"13":{"start":{"line":46,"column":12},"end":{"line":46,"column":61}},"14":{"start":{"line":48,"column":12},"end":{"line":48,"column":35}},"15":{"start":{"line":49,"column":12},"end":{"line":49,"column":49}},"16":{"start":{"line":50,"column":12},"end":{"line":50,"column":43}}},"branchMap":{"1":{"line":25,"type":"binary-expr","locations":[{"start":{"line":25,"column":23},"end":{"line":25,"column":62}},{"start":{"line":26,"column":20},"end":{"line":26,"column":70}},{"start":{"line":27,"column":20},"end":{"line":27,"column":71}},{"start":{"line":28,"column":20},"end":{"line":28,"column":29}}]},"2":{"line":30,"type":"binary-expr","locations":[{"start":{"line":30,"column":23},"end":{"line":30,"column":37}},{"start":{"line":31,"column":20},"end":{"line":31,"column":61}},{"start":{"line":32,"column":20},"end":{"line":32,"column":70}},{"start":{"line":33,"column":20},"end":{"line":33,"column":26}}]},"3":{"line":37,"type":"cond-expr","locations":[{"start":{"line":38,"column":14},"end":{"line":38,"column":20}},{"start":{"line":39,"column":14},"end":{"line":39,"column":20}}]},"4":{"line":41,"type":"binary-expr","locations":[{"start":{"line":41,"column":16},"end":{"line":41,"column":44}},{"start":{"line":41,"column":48},"end":{"line":41,"column":53}}]},"5":{"line":45,"type":"if","locations":[{"start":{"line":45,"column":8},"end":{"line":45,"column":8}},{"start":{"line":45,"column":8},"end":{"line":45,"column":8}}]}},"code":["/* istanbul instrument in package npmtest_actionhero */","/*jslint","    bitwise: true,","    browser: true,","    maxerr: 8,","    maxlen: 96,","    node: true,","    nomen: true,","    regexp: true,","    stupid: true","*/","(function () {","    'use strict';","    var local;","","","","    // run shared js-env code - pre-init","    (function () {","        // init local","        local = {};","        // init modeJs","        local.modeJs = (function () {","            try {","                return typeof navigator.userAgent === 'string' &&","                    typeof document.querySelector('body') === 'object' &&","                    typeof XMLHttpRequest.prototype.open === 'function' &&","                    'browser';","            } catch (errorCaughtBrowser) {","                return module.exports &&","                    typeof process.versions.node === 'string' &&","                    typeof require('http').createServer === 'function' &&","                    'node';","            }","        }());","        // init global","        local.global = local.modeJs === 'browser'","            ? window","            : global;","        // init utility2_rollup","        local = local.global.utility2_rollup || local;","        // init lib","        local.local = local.npmtest_actionhero = local;","        // init exports","        if (local.modeJs === 'browser') {","            local.global.utility2_npmtest_actionhero = local;","        } else {","            module.exports = local;","            module.exports.__dirname = __dirname;","            module.exports.module = module;","        }","    }());","}());",""],"l":{"12":2,"14":2,"19":2,"21":2,"23":2,"24":2,"25":2,"30":1,"37":2,"41":2,"43":2,"45":2,"46":1,"48":1,"49":1,"50":1}},"/home/travis/build/npmtest/node-npmtest-actionhero/example.js":{"path":"/home/travis/build/npmtest/node-npmtest-actionhero/example.js","s":{"1":2,"2":2,"3":2,"4":2,"5":2,"6":2,"7":2,"8":1,"9":2,"10":2,"11":2,"12":2,"13":1,"14":2,"15":2,"16":2,"17":2,"18":2,"19":0,"20":2,"21":1,"22":1,"23":1,"24":1,"25":1,"26":0,"27":0,"28":1,"29":1,"30":2,"31":0,"32":0,"33":0,"34":1,"35":2,"36":2,"37":3,"38":3,"39":3,"40":3,"41":0,"42":3,"43":3,"44":3,"45":1,"46":3,"47":1,"48":1,"49":1,"50":1,"51":1,"52":1,"53":1,"54":1,"55":1,"56":1,"57":0,"58":1,"59":6,"60":6,"61":1,"62":2,"63":0,"64":2,"65":1,"66":1,"67":0,"68":0,"69":0,"70":0,"71":0,"72":0,"73":0,"74":0,"75":0,"76":0,"77":0,"78":0,"79":0,"80":0,"81":0,"82":0,"83":0},"b":{"1":[2,1,1,1],"2":[1,1,1,1],"3":[1,1],"4":[2,2],"5":[1,1],"6":[1,1],"7":[2,0],"8":[2,1,1,1,1,1],"9":[0,2,0],"10":[1,1],"11":[2,1,1],"12":[1,0],"13":[0,2],"14":[2,0,0,0,0,0,0],"15":[0,3],"16":[3,0],"17":[1,1],"18":[0,1],"19":[1,2,0,2],"20":[1,0],"21":[1,1],"22":[0,0],"23":[0,0],"24":[0,0],"25":[0,0],"26":[0,0],"27":[0,0],"28":[0,0]},"f":{"1":2,"2":2,"3":2,"4":2,"5":2,"6":2,"7":3,"8":3,"9":3,"10":1,"11":6,"12":0},"fnMap":{"1":{"name":"(anonymous_1)","line":26,"loc":{"start":{"line":26,"column":1},"end":{"line":26,"column":13}}},"2":{"name":"(anonymous_2)","line":33,"loc":{"start":{"line":33,"column":5},"end":{"line":33,"column":17}}},"3":{"name":"(anonymous_3)","line":37,"loc":{"start":{"line":37,"column":24},"end":{"line":37,"column":36}}},"4":{"name":"(anonymous_4)","line":69,"loc":{"start":{"line":69,"column":31},"end":{"line":69,"column":48}},"skip":true},"5":{"name":"(anonymous_5)","line":78,"loc":{"start":{"line":78,"column":26},"end":{"line":78,"column":45}},"skip":true},"6":{"name":"(anonymous_6)","line":123,"loc":{"start":{"line":123,"column":33},"end":{"line":123,"column":48}},"skip":true},"7":{"name":"(anonymous_7)","line":125,"loc":{"start":{"line":125,"column":27},"end":{"line":125,"column":39}},"skip":true},"8":{"name":"(anonymous_8)","line":133,"loc":{"start":{"line":133,"column":59},"end":{"line":133,"column":74}},"skip":true},"9":{"name":"(anonymous_9)","line":143,"loc":{"start":{"line":143,"column":45},"end":{"line":143,"column":62}},"skip":true},"10":{"name":"(anonymous_10)","line":144,"loc":{"start":{"line":144,"column":73},"end":{"line":144,"column":92}},"skip":true},"11":{"name":"(anonymous_11)","line":272,"loc":{"start":{"line":272,"column":51},"end":{"line":272,"column":77}},"skip":true},"12":{"name":"(anonymous_12)","line":315,"loc":{"start":{"line":315,"column":32},"end":{"line":315,"column":61}},"skip":true}},"statementMap":{"1":{"start":{"line":26,"column":0},"end":{"line":326,"column":5}},"2":{"start":{"line":28,"column":4},"end":{"line":28,"column":14}},"3":{"start":{"line":33,"column":4},"end":{"line":60,"column":9}},"4":{"start":{"line":35,"column":8},"end":{"line":35,"column":19}},"5":{"start":{"line":37,"column":8},"end":{"line":49,"column":13}},"6":{"start":{"line":38,"column":12},"end":{"line":48,"column":13}},"7":{"start":{"line":39,"column":16},"end":{"line":42,"column":30}},"8":{"start":{"line":44,"column":16},"end":{"line":47,"column":27}},"9":{"start":{"line":51,"column":8},"end":{"line":53,"column":21}},"10":{"start":{"line":55,"column":8},"end":{"line":57,"column":45}},"11":{"start":{"line":59,"column":8},"end":{"line":59,"column":35}},"12":{"start":{"line":61,"column":4},"end":{"line":325,"column":5}},"13":{"start":{"line":69,"column":8},"end":{"line":121,"column":10},"skip":true},"14":{"start":{"line":70,"column":12},"end":{"line":88,"column":13},"skip":true},"15":{"start":{"line":76,"column":16},"end":{"line":87,"column":19},"skip":true},"16":{"start":{"line":79,"column":20},"end":{"line":86,"column":21},"skip":true},"17":{"start":{"line":82,"column":24},"end":{"line":82,"column":43},"skip":true},"18":{"start":{"line":83,"column":24},"end":{"line":83,"column":30},"skip":true},"19":{"start":{"line":85,"column":24},"end":{"line":85,"column":49},"skip":true},"20":{"start":{"line":89,"column":12},"end":{"line":107,"column":13},"skip":true},"21":{"start":{"line":92,"column":16},"end":{"line":102,"column":17},"skip":true},"22":{"start":{"line":93,"column":20},"end":{"line":93,"column":86},"skip":true},"23":{"start":{"line":94,"column":20},"end":{"line":95,"column":45},"skip":true},"24":{"start":{"line":96,"column":20},"end":{"line":96,"column":42},"skip":true},"25":{"start":{"line":97,"column":20},"end":{"line":97,"column":48},"skip":true},"26":{"start":{"line":100,"column":20},"end":{"line":100,"column":85},"skip":true},"27":{"start":{"line":101,"column":20},"end":{"line":101,"column":96},"skip":true},"28":{"start":{"line":103,"column":16},"end":{"line":103,"column":22},"skip":true},"29":{"start":{"line":106,"column":16},"end":{"line":106,"column":22},"skip":true},"30":{"start":{"line":108,"column":12},"end":{"line":120,"column":13},"skip":true},"31":{"start":{"line":114,"column":16},"end":{"line":119,"column":17},"skip":true},"32":{"start":{"line":116,"column":20},"end":{"line":116,"column":78},"skip":true},"33":{"start":{"line":118,"column":20},"end":{"line":118,"column":47},"skip":true},"34":{"start":{"line":123,"column":8},"end":{"line":141,"column":11},"skip":true},"35":{"start":{"line":124,"column":12},"end":{"line":124,"column":54},"skip":true},"36":{"start":{"line":125,"column":12},"end":{"line":140,"column":14},"skip":true},"37":{"start":{"line":126,"column":16},"end":{"line":126,"column":28},"skip":true},"38":{"start":{"line":127,"column":16},"end":{"line":127,"column":69},"skip":true},"39":{"start":{"line":128,"column":16},"end":{"line":128,"column":75},"skip":true},"40":{"start":{"line":129,"column":16},"end":{"line":131,"column":17},"skip":true},"41":{"start":{"line":130,"column":20},"end":{"line":130,"column":27},"skip":true},"42":{"start":{"line":133,"column":16},"end":{"line":137,"column":36},"skip":true},"43":{"start":{"line":134,"column":20},"end":{"line":136,"column":55},"skip":true},"44":{"start":{"line":139,"column":16},"end":{"line":139,"column":57},"skip":true},"45":{"start":{"line":143,"column":8},"end":{"line":147,"column":11},"skip":true},"46":{"start":{"line":144,"column":12},"end":{"line":146,"column":15},"skip":true},"47":{"start":{"line":145,"column":16},"end":{"line":145,"column":70},"skip":true},"48":{"start":{"line":149,"column":8},"end":{"line":149,"column":31},"skip":true},"49":{"start":{"line":150,"column":8},"end":{"line":150,"column":14},"skip":true},"50":{"start":{"line":158,"column":8},"end":{"line":158,"column":31},"skip":true},"51":{"start":{"line":160,"column":8},"end":{"line":160,"column":33},"skip":true},"52":{"start":{"line":161,"column":8},"end":{"line":161,"column":37},"skip":true},"53":{"start":{"line":162,"column":8},"end":{"line":162,"column":35},"skip":true},"54":{"start":{"line":164,"column":8},"end":{"line":164,"column":50},"skip":true},"55":{"start":{"line":166,"column":8},"end":{"line":256,"column":2},"skip":true},"56":{"start":{"line":258,"column":8},"end":{"line":286,"column":9},"skip":true},"57":{"start":{"line":259,"column":12},"end":{"line":269,"column":14},"skip":true},"58":{"start":{"line":271,"column":12},"end":{"line":285,"column":19},"skip":true},"59":{"start":{"line":274,"column":20},"end":{"line":274,"column":35},"skip":true},"60":{"start":{"line":275,"column":20},"end":{"line":284,"column":21},"skip":true},"61":{"start":{"line":277,"column":24},"end":{"line":277,"column":64},"skip":true},"62":{"start":{"line":279,"column":24},"end":{"line":279,"column":40},"skip":true},"63":{"start":{"line":281,"column":24},"end":{"line":281,"column":40},"skip":true},"64":{"start":{"line":283,"column":24},"end":{"line":283,"column":39},"skip":true},"65":{"start":{"line":288,"column":8},"end":{"line":290,"column":9},"skip":true},"66":{"start":{"line":289,"column":12},"end":{"line":289,"column":18},"skip":true},"67":{"start":{"line":291,"column":8},"end":{"line":293,"column":54},"skip":true},"68":{"start":{"line":296,"column":8},"end":{"line":301,"column":37},"skip":true},"69":{"start":{"line":303,"column":8},"end":{"line":303,"column":82},"skip":true},"70":{"start":{"line":306,"column":8},"end":{"line":308,"column":9},"skip":true},"71":{"start":{"line":307,"column":12},"end":{"line":307,"column":82},"skip":true},"72":{"start":{"line":310,"column":8},"end":{"line":312,"column":9},"skip":true},"73":{"start":{"line":311,"column":12},"end":{"line":311,"column":18},"skip":true},"74":{"start":{"line":313,"column":8},"end":{"line":313,"column":54},"skip":true},"75":{"start":{"line":314,"column":8},"end":{"line":314,"column":69},"skip":true},"76":{"start":{"line":315,"column":8},"end":{"line":323,"column":36},"skip":true},"77":{"start":{"line":316,"column":12},"end":{"line":316,"column":61},"skip":true},"78":{"start":{"line":317,"column":12},"end":{"line":320,"column":13},"skip":true},"79":{"start":{"line":318,"column":16},"end":{"line":318,"column":75},"skip":true},"80":{"start":{"line":319,"column":16},"end":{"line":319,"column":23},"skip":true},"81":{"start":{"line":321,"column":12},"end":{"line":321,"column":38},"skip":true},"82":{"start":{"line":322,"column":12},"end":{"line":322,"column":27},"skip":true},"83":{"start":{"line":324,"column":8},"end":{"line":324,"column":14},"skip":true}},"branchMap":{"1":{"line":39,"type":"binary-expr","locations":[{"start":{"line":39,"column":23},"end":{"line":39,"column":62}},{"start":{"line":40,"column":20},"end":{"line":40,"column":70}},{"start":{"line":41,"column":20},"end":{"line":41,"column":71}},{"start":{"line":42,"column":20},"end":{"line":42,"column":29}}]},"2":{"line":44,"type":"binary-expr","locations":[{"start":{"line":44,"column":23},"end":{"line":44,"column":37}},{"start":{"line":45,"column":20},"end":{"line":45,"column":61}},{"start":{"line":46,"column":20},"end":{"line":46,"column":70}},{"start":{"line":47,"column":20},"end":{"line":47,"column":26}}]},"3":{"line":51,"type":"cond-expr","locations":[{"start":{"line":52,"column":14},"end":{"line":52,"column":20}},{"start":{"line":53,"column":14},"end":{"line":53,"column":20}}]},"4":{"line":55,"type":"binary-expr","locations":[{"start":{"line":55,"column":16},"end":{"line":55,"column":44}},{"start":{"line":55,"column":49},"end":{"line":57,"column":43}}]},"5":{"line":55,"type":"cond-expr","locations":[{"start":{"line":56,"column":14},"end":{"line":56,"column":54}},{"start":{"line":57,"column":14},"end":{"line":57,"column":43}}]},"6":{"line":61,"type":"switch","locations":[{"start":{"line":68,"column":4},"end":{"line":150,"column":14},"skip":true},{"start":{"line":156,"column":4},"end":{"line":324,"column":14},"skip":true}]},"7":{"line":70,"type":"if","locations":[{"start":{"line":70,"column":12},"end":{"line":70,"column":12},"skip":true},{"start":{"line":70,"column":12},"end":{"line":70,"column":12},"skip":true}]},"8":{"line":70,"type":"binary-expr","locations":[{"start":{"line":70,"column":16},"end":{"line":70,"column":22},"skip":true},{"start":{"line":70,"column":27},"end":{"line":70,"column":32},"skip":true},{"start":{"line":71,"column":20},"end":{"line":71,"column":39},"skip":true},{"start":{"line":72,"column":20},"end":{"line":72,"column":49},"skip":true},{"start":{"line":73,"column":20},"end":{"line":73,"column":58},"skip":true},{"start":{"line":74,"column":20},"end":{"line":74,"column":69},"skip":true}]},"9":{"line":79,"type":"switch","locations":[{"start":{"line":80,"column":20},"end":{"line":80,"column":33},"skip":true},{"start":{"line":81,"column":20},"end":{"line":83,"column":30},"skip":true},{"start":{"line":84,"column":20},"end":{"line":85,"column":49},"skip":true}]},"10":{"line":89,"type":"switch","locations":[{"start":{"line":90,"column":12},"end":{"line":103,"column":22},"skip":true},{"start":{"line":105,"column":12},"end":{"line":106,"column":22},"skip":true}]},"11":{"line":89,"type":"binary-expr","locations":[{"start":{"line":89,"column":20},"end":{"line":89,"column":25},"skip":true},{"start":{"line":89,"column":29},"end":{"line":89,"column":48},"skip":true},{"start":{"line":89,"column":52},"end":{"line":89,"column":74},"skip":true}]},"12":{"line":92,"type":"if","locations":[{"start":{"line":92,"column":16},"end":{"line":92,"column":16},"skip":true},{"start":{"line":92,"column":16},"end":{"line":92,"column":16},"skip":true}]},"13":{"line":108,"type":"if","locations":[{"start":{"line":108,"column":12},"end":{"line":108,"column":12},"skip":true},{"start":{"line":108,"column":12},"end":{"line":108,"column":12},"skip":true}]},"14":{"line":108,"type":"binary-expr","locations":[{"start":{"line":108,"column":16},"end":{"line":108,"column":61},"skip":true},{"start":{"line":108,"column":66},"end":{"line":108,"column":72},"skip":true},{"start":{"line":108,"column":77},"end":{"line":108,"column":82},"skip":true},{"start":{"line":109,"column":20},"end":{"line":109,"column":39},"skip":true},{"start":{"line":110,"column":20},"end":{"line":110,"column":49},"skip":true},{"start":{"line":111,"column":20},"end":{"line":111,"column":58},"skip":true},{"start":{"line":112,"column":20},"end":{"line":112,"column":68},"skip":true}]},"15":{"line":129,"type":"if","locations":[{"start":{"line":129,"column":16},"end":{"line":129,"column":16},"skip":true},{"start":{"line":129,"column":16},"end":{"line":129,"column":16},"skip":true}]},"16":{"line":134,"type":"cond-expr","locations":[{"start":{"line":135,"column":26},"end":{"line":135,"column":29},"skip":true},{"start":{"line":136,"column":26},"end":{"line":136,"column":54},"skip":true}]},"17":{"line":164,"type":"binary-expr","locations":[{"start":{"line":164,"column":27},"end":{"line":164,"column":43},"skip":true},{"start":{"line":164,"column":47},"end":{"line":164,"column":49},"skip":true}]},"18":{"line":258,"type":"if","locations":[{"start":{"line":258,"column":8},"end":{"line":258,"column":8},"skip":true},{"start":{"line":258,"column":8},"end":{"line":258,"column":8},"skip":true}]},"19":{"line":275,"type":"switch","locations":[{"start":{"line":276,"column":20},"end":{"line":277,"column":64},"skip":true},{"start":{"line":278,"column":20},"end":{"line":279,"column":40},"skip":true},{"start":{"line":280,"column":20},"end":{"line":281,"column":40},"skip":true},{"start":{"line":282,"column":20},"end":{"line":283,"column":39},"skip":true}]},"20":{"line":288,"type":"if","locations":[{"start":{"line":288,"column":8},"end":{"line":288,"column":8},"skip":true},{"start":{"line":288,"column":8},"end":{"line":288,"column":8},"skip":true}]},"21":{"line":288,"type":"binary-expr","locations":[{"start":{"line":288,"column":12},"end":{"line":288,"column":40},"skip":true},{"start":{"line":288,"column":44},"end":{"line":288,"column":67},"skip":true}]},"22":{"line":292,"type":"binary-expr","locations":[{"start":{"line":292,"column":12},"end":{"line":292,"column":50},"skip":true},{"start":{"line":293,"column":12},"end":{"line":293,"column":53},"skip":true}]},"23":{"line":297,"type":"binary-expr","locations":[{"start":{"line":297,"column":12},"end":{"line":297,"column":68},"skip":true},{"start":{"line":298,"column":12},"end":{"line":301,"column":36},"skip":true}]},"24":{"line":303,"type":"binary-expr","locations":[{"start":{"line":303,"column":43},"end":{"line":303,"column":75},"skip":true},{"start":{"line":303,"column":79},"end":{"line":303,"column":81},"skip":true}]},"25":{"line":306,"type":"if","locations":[{"start":{"line":306,"column":8},"end":{"line":306,"column":8},"skip":true},{"start":{"line":306,"column":8},"end":{"line":306,"column":8},"skip":true}]},"26":{"line":310,"type":"if","locations":[{"start":{"line":310,"column":8},"end":{"line":310,"column":8},"skip":true},{"start":{"line":310,"column":8},"end":{"line":310,"column":8},"skip":true}]},"27":{"line":313,"type":"binary-expr","locations":[{"start":{"line":313,"column":27},"end":{"line":313,"column":43},"skip":true},{"start":{"line":313,"column":47},"end":{"line":313,"column":53},"skip":true}]},"28":{"line":317,"type":"if","locations":[{"start":{"line":317,"column":12},"end":{"line":317,"column":12},"skip":true},{"start":{"line":317,"column":12},"end":{"line":317,"column":12},"skip":true}]}},"code":["/*","example.js","","quickstart example","","instruction","    1. save this script as example.js","    2. run the shell command:","        $ npm install npmtest-actionhero && PORT=8081 node example.js","    3. play with the browser-demo on http://127.0.0.1:8081","*/","","","","/* istanbul instrument in package npmtest_actionhero */","/*jslint","    bitwise: true,","    browser: true,","    maxerr: 8,","    maxlen: 96,","    node: true,","    nomen: true,","    regexp: true,","    stupid: true","*/","(function () {","    'use strict';","    var local;","","","","    // run shared js-env code - pre-init","    (function () {","        // init local","        local = {};","        // init modeJs","        local.modeJs = (function () {","            try {","                return typeof navigator.userAgent === 'string' &&","                    typeof document.querySelector('body') === 'object' &&","                    typeof XMLHttpRequest.prototype.open === 'function' &&","                    'browser';","            } catch (errorCaughtBrowser) {","                return module.exports &&","                    typeof process.versions.node === 'string' &&","                    typeof require('http').createServer === 'function' &&","                    'node';","            }","        }());","        // init global","        local.global = local.modeJs === 'browser'","            ? window","            : global;","        // init utility2_rollup","        local = local.global.utility2_rollup || (local.modeJs === 'browser'","            ? local.global.utility2_npmtest_actionhero","            : global.utility2_moduleExports);","        // export local","        local.global.local = local;","    }());","    switch (local.modeJs) {","","","","    // post-init","    // run browser js-env code - post-init","    /* istanbul ignore next */","    case 'browser':","        local.testRunBrowser = function (event) {","            if (!event || (event &&","                    event.currentTarget &&","                    event.currentTarget.className &&","                    event.currentTarget.className.includes &&","                    event.currentTarget.className.includes('onreset'))) {","                // reset output","                Array.from(","                    document.querySelectorAll('body > .resettable')","                ).forEach(function (element) {","                    switch (element.tagName) {","                    case 'INPUT':","                    case 'TEXTAREA':","                        element.value = '';","                        break;","                    default:","                        element.textContent = '';","                    }","                });","            }","            switch (event && event.currentTarget && event.currentTarget.id) {","            case 'testRunButton1':","                // show tests","                if (document.querySelector('#testReportDiv1').style.display === 'none') {","                    document.querySelector('#testReportDiv1').style.display = 'block';","                    document.querySelector('#testRunButton1').textContent =","                        'hide internal test';","                    local.modeTest = true;","                    local.testRunDefault(local);","                // hide tests","                } else {","                    document.querySelector('#testReportDiv1').style.display = 'none';","                    document.querySelector('#testRunButton1').textContent = 'run internal test';","                }","                break;","            // custom-case","            default:","                break;","            }","            if (document.querySelector('#inputTextareaEval1') && (!event || (event &&","                    event.currentTarget &&","                    event.currentTarget.className &&","                    event.currentTarget.className.includes &&","                    event.currentTarget.className.includes('oneval')))) {","                // try to eval input-code","                try {","                    /*jslint evil: true*/","                    eval(document.querySelector('#inputTextareaEval1').value);","                } catch (errorCaught) {","                    console.error(errorCaught);","                }","            }","        };","        // log stderr and stdout to #outputTextareaStdout1","        ['error', 'log'].forEach(function (key) {","            console[key + '_original'] = console[key];","            console[key] = function () {","                var element;","                console[key + '_original'].apply(console, arguments);","                element = document.querySelector('#outputTextareaStdout1');","                if (!element) {","                    return;","                }","                // append text to #outputTextareaStdout1","                element.value += Array.from(arguments).map(function (arg) {","                    return typeof arg === 'string'","                        ? arg","                        : JSON.stringify(arg, null, 4);","                }).join(' ') + '\\n';","                // scroll textarea to bottom","                element.scrollTop = element.scrollHeight;","            };","        });","        // init event-handling","        ['change', 'click', 'keyup'].forEach(function (event) {","            Array.from(document.querySelectorAll('.on' + event)).forEach(function (element) {","                element.addEventListener(event, local.testRunBrowser);","            });","        });","        // run tests","        local.testRunBrowser();","        break;","","","","    // run node js-env code - post-init","    /* istanbul ignore next */","    case 'node':","        // export local","        module.exports = local;","        // require modules","        local.fs = require('fs');","        local.http = require('http');","        local.url = require('url');","        // init assets","        local.assetsDict = local.assetsDict || {};","        /* jslint-ignore-begin */","        local.assetsDict['/assets.index.template.html'] = '\\","<!doctype html>\\n\\","<html lang=\"en\">\\n\\","<head>\\n\\","<meta charset=\"UTF-8\">\\n\\","<meta name=\"viewport\" content=\"width=device-width, initial-scale=1\">\\n\\","<title>{{env.npm_package_name}} (v{{env.npm_package_version}})</title>\\n\\","<style>\\n\\","/*csslint\\n\\","    box-sizing: false,\\n\\","    universal-selector: false\\n\\","*/\\n\\","* {\\n\\","    box-sizing: border-box;\\n\\","}\\n\\","body {\\n\\","    background: #dde;\\n\\","    font-family: Arial, Helvetica, sans-serif;\\n\\","    margin: 2rem;\\n\\","}\\n\\","body > * {\\n\\","    margin-bottom: 1rem;\\n\\","}\\n\\",".utility2FooterDiv {\\n\\","    margin-top: 20px;\\n\\","    text-align: center;\\n\\","}\\n\\","</style>\\n\\","<style>\\n\\","/*csslint\\n\\","*/\\n\\","textarea {\\n\\","    font-family: monospace;\\n\\","    height: 10rem;\\n\\","    width: 100%;\\n\\","}\\n\\","textarea[readonly] {\\n\\","    background: #ddd;\\n\\","}\\n\\","</style>\\n\\","</head>\\n\\","<body>\\n\\","<!-- utility2-comment\\n\\","<div id=\"ajaxProgressDiv1\" style=\"background: #d00; height: 2px; left: 0; margin: 0; padding: 0; position: fixed; top: 0; transition: background 0.5s, width 1.5s; width: 25%;\"></div>\\n\\","utility2-comment -->\\n\\","<h1>\\n\\","<!-- utility2-comment\\n\\","    <a\\n\\","        {{#if env.npm_package_homepage}}\\n\\","        href=\"{{env.npm_package_homepage}}\"\\n\\","        {{/if env.npm_package_homepage}}\\n\\","        target=\"_blank\"\\n\\","    >\\n\\","utility2-comment -->\\n\\","        {{env.npm_package_name}} (v{{env.npm_package_version}})\\n\\","<!-- utility2-comment\\n\\","    </a>\\n\\","utility2-comment -->\\n\\","</h1>\\n\\","<h3>{{env.npm_package_description}}</h3>\\n\\","<!-- utility2-comment\\n\\","<h4><a download href=\"assets.app.js\">download standalone app</a></h4>\\n\\","<button class=\"onclick onreset\" id=\"testRunButton1\">run internal test</button><br>\\n\\","<div id=\"testReportDiv1\" style=\"display: none;\"></div>\\n\\","utility2-comment -->\\n\\","\\n\\","\\n\\","\\n\\","<label>stderr and stdout</label>\\n\\","<textarea class=\"resettable\" id=\"outputTextareaStdout1\" readonly></textarea>\\n\\","<!-- utility2-comment\\n\\","{{#if isRollup}}\\n\\","<script src=\"assets.app.js\"></script>\\n\\","{{#unless isRollup}}\\n\\","utility2-comment -->\\n\\","<script src=\"assets.utility2.rollup.js\"></script>\\n\\","<script src=\"jsonp.utility2._stateInit?callback=window.utility2._stateInit\"></script>\\n\\","<script src=\"assets.npmtest_actionhero.rollup.js\"></script>\\n\\","<script src=\"assets.example.js\"></script>\\n\\","<script src=\"assets.test.js\"></script>\\n\\","<!-- utility2-comment\\n\\","{{/if isRollup}}\\n\\","utility2-comment -->\\n\\","<div class=\"utility2FooterDiv\">\\n\\","    [ this app was created with\\n\\","    <a href=\"https://github.com/kaizhu256/node-utility2\" target=\"_blank\">utility2</a>\\n\\","    ]\\n\\","</div>\\n\\","</body>\\n\\","</html>\\n\\","';","        /* jslint-ignore-end */","        if (local.templateRender) {","            local.assetsDict['/'] = local.templateRender(","                local.assetsDict['/assets.index.template.html'],","                {","                    env: local.objectSetDefault(local.env, {","                        npm_package_description: 'the greatest app in the world!',","                        npm_package_name: 'my-app',","                        npm_package_nameAlias: 'my_app',","                        npm_package_version: '0.0.1'","                    })","                }","            );","        } else {","            local.assetsDict['/'] = local.assetsDict['/assets.index.template.html']","                .replace((/\\{\\{env\\.(\\w+?)\\}\\}/g), function (match0, match1) {","                    // jslint-hack","                    String(match0);","                    switch (match1) {","                    case 'npm_package_description':","                        return 'the greatest app in the world!';","                    case 'npm_package_name':","                        return 'my-app';","                    case 'npm_package_nameAlias':","                        return 'my_app';","                    case 'npm_package_version':","                        return '0.0.1';","                    }","                });","        }","        // run the cli","        if (local.global.utility2_rollup || module !== require.main) {","            break;","        }","        local.assetsDict['/assets.example.js'] =","            local.assetsDict['/assets.example.js'] ||","            local.fs.readFileSync(__filename, 'utf8');","        // bug-workaround - long $npm_package_buildCustomOrg","        /* jslint-ignore-begin */","        local.assetsDict['/assets.npmtest_actionhero.rollup.js'] =","            local.assetsDict['/assets.npmtest_actionhero.rollup.js'] ||","            local.fs.readFileSync(","                local.npmtest_actionhero.__dirname + '/lib.npmtest_actionhero.js',","                'utf8'","            ).replace((/^#!/), '//');","        /* jslint-ignore-end */","        local.assetsDict['/favicon.ico'] = local.assetsDict['/favicon.ico'] || '';","        // if $npm_config_timeout_exit exists,","        // then exit this process after $npm_config_timeout_exit ms","        if (Number(process.env.npm_config_timeout_exit)) {","            setTimeout(process.exit, Number(process.env.npm_config_timeout_exit));","        }","        // start server","        if (local.global.utility2_serverHttp1) {","            break;","        }","        process.env.PORT = process.env.PORT || '8081';","        console.error('server starting on port ' + process.env.PORT);","        local.http.createServer(function (request, response) {","            request.urlParsed = local.url.parse(request.url);","            if (local.assetsDict[request.urlParsed.pathname] !== undefined) {","                response.end(local.assetsDict[request.urlParsed.pathname]);","                return;","            }","            response.statusCode = 404;","            response.end();","        }).listen(process.env.PORT);","        break;","    }","}());",""],"l":{"26":2,"28":2,"33":2,"35":2,"37":2,"38":2,"39":2,"44":1,"51":2,"55":2,"59":2,"61":2,"69":1,"70":2,"76":2,"79":2,"82":2,"83":2,"85":1,"89":2,"92":1,"93":1,"94":1,"96":1,"97":1,"100":1,"101":1,"103":1,"106":1,"108":2,"114":1,"116":1,"118":1,"123":1,"124":2,"125":2,"126":3,"127":3,"128":3,"129":3,"130":1,"133":3,"134":3,"139":3,"143":1,"144":3,"145":1,"149":1,"150":1,"158":1,"160":1,"161":1,"162":1,"164":1,"166":1,"258":1,"259":1,"271":1,"274":6,"275":6,"277":1,"279":2,"281":1,"283":2,"288":1,"289":1,"291":1,"296":1,"303":1,"306":1,"307":1,"310":1,"311":1,"313":1,"314":1,"315":1,"316":1,"317":1,"318":1,"319":1,"321":1,"322":1,"324":1}},"/home/travis/build/npmtest/node-npmtest-actionhero/node_modules/actionhero/actionhero.js":{"path":"/home/travis/build/npmtest/node-npmtest-actionhero/node_modules/actionhero/actionhero.js","s":{"1":1,"2":1,"3":1,"4":0,"5":0,"6":0,"7":0,"8":0,"9":0,"10":0,"11":0,"12":0,"13":0,"14":0,"15":0,"16":1,"17":0,"18":1,"19":1,"20":0,"21":0,"22":0,"23":0,"24":0,"25":0,"26":0,"27":0,"28":0,"29":1,"30":0,"31":0,"32":1,"33":0,"34":0,"35":0,"36":0,"37":0,"38":0,"39":0,"40":0,"41":0,"42":0,"43":0,"44":0,"45":0,"46":0,"47":0,"48":0,"49":0,"50":0,"51":0,"52":0,"53":0,"54":0,"55":0,"56":0,"57":0,"58":0,"59":0,"60":0,"61":0,"62":0,"63":0,"64":0,"65":0,"66":0,"67":0,"68":0,"69":0,"70":0,"71":0,"72":0,"73":0,"74":0,"75":0,"76":0,"77":0,"78":0,"79":0,"80":0,"81":0,"82":0,"83":0,"84":0,"85":0,"86":0,"87":0,"88":0,"89":0,"90":0,"91":0,"92":0,"93":0,"94":0,"95":0,"96":0,"97":0,"98":0,"99":0,"100":0,"101":0,"102":0,"103":0,"104":0,"105":0,"106":0,"107":0,"108":0,"109":0,"110":0,"111":0,"112":0,"113":0,"114":0,"115":0,"116":0,"117":0,"118":0,"119":0,"120":0,"121":0,"122":0,"123":0,"124":0,"125":0,"126":0,"127":0,"128":0,"129":0,"130":0,"131":0,"132":0,"133":0,"134":0,"135":0,"136":0,"137":0,"138":0,"139":0,"140":0,"141":0,"142":0,"143":0,"144":1,"145":0,"146":0,"147":0,"148":0,"149":0,"150":0,"151":0,"152":0,"153":0,"154":0,"155":0,"156":0,"157":0,"158":0,"159":0,"160":0,"161":0,"162":0,"163":1,"164":0,"165":0,"166":0,"167":0,"168":0,"169":0,"170":0,"171":0,"172":0,"173":0,"174":0,"175":0,"176":0,"177":0,"178":0,"179":0,"180":0,"181":0,"182":0,"183":0,"184":0,"185":0,"186":1,"187":0,"188":0,"189":0,"190":0,"191":0,"192":0,"193":0,"194":0,"195":0,"196":0,"197":0,"198":0,"199":0,"200":0,"201":1},"b":{"1":[0,0],"2":[0,0],"3":[0,0],"4":[0,0],"5":[0,0],"6":[0,0],"7":[0,0],"8":[0,0],"9":[0,0],"10":[0,0],"11":[0,0],"12":[0,0],"13":[0,0,0],"14":[0,0],"15":[0,0],"16":[0,0],"17":[0,0],"18":[0,0],"19":[0,0],"20":[0,0],"21":[0,0],"22":[0,0],"23":[0,0],"24":[0,0],"25":[0,0],"26":[0,0],"27":[0,0],"28":[0,0],"29":[0,0],"30":[0,0],"31":[0,0],"32":[0,0],"33":[0,0],"34":[0,0],"35":[0,0],"36":[0,0],"37":[0,0],"38":[0,0],"39":[0,0],"40":[0,0],"41":[0,0],"42":[0,0],"43":[0,0],"44":[0,0]},"f":{"1":0,"2":0,"3":0,"4":0,"5":0,"6":0,"7":0,"8":0},"fnMap":{"1":{"name":"(anonymous_1)","line":13,"loc":{"start":{"line":13,"column":19},"end":{"line":13,"column":48}}},"2":{"name":"(anonymous_2)","line":29,"loc":{"start":{"line":29,"column":19},"end":{"line":29,"column":35}}},"3":{"name":"(anonymous_3)","line":35,"loc":{"start":{"line":35,"column":33},"end":{"line":35,"column":55}}},"4":{"name":"(anonymous_4)","line":53,"loc":{"start":{"line":53,"column":19},"end":{"line":53,"column":31}}},"5":{"name":"(anonymous_5)","line":62,"loc":{"start":{"line":62,"column":34},"end":{"line":62,"column":62}}},"6":{"name":"(anonymous_6)","line":246,"loc":{"start":{"line":246,"column":29},"end":{"line":246,"column":57}}},"7":{"name":"(anonymous_7)","line":278,"loc":{"start":{"line":278,"column":28},"end":{"line":278,"column":48}}},"8":{"name":"(anonymous_8)","line":308,"loc":{"start":{"line":308,"column":31},"end":{"line":308,"column":51}}}},"statementMap":{"1":{"start":{"line":8,"column":0},"end":{"line":8,"column":28}},"2":{"start":{"line":9,"column":0},"end":{"line":9,"column":30}},"3":{"start":{"line":13,"column":0},"end":{"line":27,"column":1}},"4":{"start":{"line":14,"column":2},"end":{"line":14,"column":65}},"5":{"start":{"line":14,"column":46},"end":{"line":14,"column":64}},"6":{"start":{"line":15,"column":2},"end":{"line":26,"column":3}},"7":{"start":{"line":16,"column":4},"end":{"line":22,"column":5}},"8":{"start":{"line":17,"column":6},"end":{"line":17,"column":65}},"9":{"start":{"line":18,"column":6},"end":{"line":18,"column":66}},"10":{"start":{"line":18,"column":34},"end":{"line":18,"column":64}},"11":{"start":{"line":20,"column":6},"end":{"line":20,"column":59}},"12":{"start":{"line":21,"column":6},"end":{"line":21,"column":63}},"13":{"start":{"line":21,"column":34},"end":{"line":21,"column":61}},"14":{"start":{"line":23,"column":4},"end":{"line":25,"column":6}},"15":{"start":{"line":24,"column":6},"end":{"line":24,"column":21}},"16":{"start":{"line":29,"column":0},"end":{"line":31,"column":1}},"17":{"start":{"line":30,"column":2},"end":{"line":30,"column":14}},"18":{"start":{"line":33,"column":0},"end":{"line":33,"column":18}},"19":{"start":{"line":35,"column":0},"end":{"line":49,"column":1}},"20":{"start":{"line":36,"column":2},"end":{"line":36,"column":17}},"21":{"start":{"line":37,"column":2},"end":{"line":37,"column":15}},"22":{"start":{"line":38,"column":2},"end":{"line":40,"column":3}},"23":{"start":{"line":39,"column":4},"end":{"line":39,"column":28}},"24":{"start":{"line":41,"column":2},"end":{"line":41,"column":23}},"25":{"start":{"line":42,"column":2},"end":{"line":46,"column":4}},"26":{"start":{"line":43,"column":4},"end":{"line":45,"column":6}},"27":{"start":{"line":44,"column":6},"end":{"line":44,"column":20}},"28":{"start":{"line":48,"column":2},"end":{"line":48,"column":15}},"29":{"start":{"line":53,"column":0},"end":{"line":60,"column":1}},"30":{"start":{"line":54,"column":2},"end":{"line":54,"column":24}},"31":{"start":{"line":55,"column":2},"end":{"line":59,"column":3}},"32":{"start":{"line":62,"column":0},"end":{"line":244,"column":1}},"33":{"start":{"line":63,"column":2},"end":{"line":68,"column":3}},"34":{"start":{"line":64,"column":40},"end":{"line":64,"column":74}},"35":{"start":{"line":65,"column":35},"end":{"line":65,"column":64}},"36":{"start":{"line":66,"column":26},"end":{"line":66,"column":46}},"37":{"start":{"line":67,"column":29},"end":{"line":67,"column":52}},"38":{"start":{"line":70,"column":2},"end":{"line":70,"column":38}},"39":{"start":{"line":72,"column":2},"end":{"line":78,"column":3}},"40":{"start":{"line":73,"column":4},"end":{"line":73,"column":51}},"41":{"start":{"line":74,"column":9},"end":{"line":78,"column":3}},"42":{"start":{"line":75,"column":4},"end":{"line":75,"column":50}},"43":{"start":{"line":76,"column":9},"end":{"line":78,"column":3}},"44":{"start":{"line":77,"column":4},"end":{"line":77,"column":51}},"45":{"start":{"line":80,"column":2},"end":{"line":82,"column":3}},"46":{"start":{"line":81,"column":4},"end":{"line":81,"column":22}},"47":{"start":{"line":81,"column":23},"end":{"line":81,"column":34}},"48":{"start":{"line":83,"column":2},"end":{"line":83,"column":38}},"49":{"start":{"line":83,"column":25},"end":{"line":83,"column":37}},"50":{"start":{"line":84,"column":2},"end":{"line":84,"column":30}},"51":{"start":{"line":85,"column":2},"end":{"line":85,"column":48}},"52":{"start":{"line":87,"column":2},"end":{"line":91,"column":3}},"53":{"start":{"line":93,"column":2},"end":{"line":93,"column":34}},"54":{"start":{"line":94,"column":2},"end":{"line":94,"column":35}},"55":{"start":{"line":95,"column":2},"end":{"line":95,"column":34}},"56":{"start":{"line":97,"column":2},"end":{"line":97,"column":30}},"57":{"start":{"line":98,"column":2},"end":{"line":98,"column":28}},"58":{"start":{"line":99,"column":2},"end":{"line":99,"column":29}},"59":{"start":{"line":100,"column":2},"end":{"line":100,"column":29}},"60":{"start":{"line":103,"column":2},"end":{"line":114,"column":4}},"61":{"start":{"line":107,"column":4},"end":{"line":107,"column":47}},"62":{"start":{"line":108,"column":4},"end":{"line":108,"column":44}},"63":{"start":{"line":109,"column":4},"end":{"line":109,"column":47}},"64":{"start":{"line":110,"column":4},"end":{"line":110,"column":50}},"65":{"start":{"line":111,"column":4},"end":{"line":113,"column":6}},"66":{"start":{"line":112,"column":6},"end":{"line":112,"column":63}},"67":{"start":{"line":116,"column":2},"end":{"line":241,"column":4}},"68":{"start":{"line":117,"column":4},"end":{"line":117,"column":31}},"69":{"start":{"line":118,"column":4},"end":{"line":118,"column":35}},"70":{"start":{"line":119,"column":4},"end":{"line":121,"column":6}},"71":{"start":{"line":120,"column":6},"end":{"line":120,"column":102}},"72":{"start":{"line":123,"column":4},"end":{"line":219,"column":6}},"73":{"start":{"line":131,"column":6},"end":{"line":131,"column":34}},"74":{"start":{"line":132,"column":6},"end":{"line":132,"column":54}},"75":{"start":{"line":133,"column":6},"end":{"line":133,"column":37}},"76":{"start":{"line":134,"column":6},"end":{"line":134,"column":49}},"77":{"start":{"line":135,"column":6},"end":{"line":218,"column":7}},"78":{"start":{"line":137,"column":8},"end":{"line":144,"column":9}},"79":{"start":{"line":140,"column":10},"end":{"line":140,"column":43}},"80":{"start":{"line":142,"column":10},"end":{"line":142,"column":53}},"81":{"start":{"line":143,"column":10},"end":{"line":143,"column":56}},"82":{"start":{"line":146,"column":8},"end":{"line":161,"column":9}},"83":{"start":{"line":147,"column":10},"end":{"line":150,"column":12}},"84":{"start":{"line":148,"column":12},"end":{"line":148,"column":92}},"85":{"start":{"line":149,"column":12},"end":{"line":149,"column":39}},"86":{"start":{"line":152,"column":10},"end":{"line":160,"column":11}},"87":{"start":{"line":153,"column":12},"end":{"line":153,"column":125}},"88":{"start":{"line":153,"column":54},"end":{"line":153,"column":124}},"89":{"start":{"line":154,"column":12},"end":{"line":157,"column":14}},"90":{"start":{"line":155,"column":14},"end":{"line":155,"column":104}},"91":{"start":{"line":155,"column":20},"end":{"line":155,"column":89}},"92":{"start":{"line":156,"column":14},"end":{"line":156,"column":25}},"93":{"start":{"line":159,"column":12},"end":{"line":159,"column":18}},"94":{"start":{"line":163,"column":8},"end":{"line":173,"column":9}},"95":{"start":{"line":164,"column":10},"end":{"line":172,"column":11}},"96":{"start":{"line":165,"column":12},"end":{"line":165,"column":126}},"97":{"start":{"line":165,"column":54},"end":{"line":165,"column":125}},"98":{"start":{"line":166,"column":12},"end":{"line":169,"column":14}},"99":{"start":{"line":167,"column":14},"end":{"line":167,"column":83}},"100":{"start":{"line":168,"column":14},"end":{"line":168,"column":25}},"101":{"start":{"line":171,"column":12},"end":{"line":171,"column":18}},"102":{"start":{"line":175,"column":8},"end":{"line":185,"column":9}},"103":{"start":{"line":176,"column":10},"end":{"line":184,"column":11}},"104":{"start":{"line":177,"column":12},"end":{"line":177,"column":126}},"105":{"start":{"line":177,"column":54},"end":{"line":177,"column":125}},"106":{"start":{"line":178,"column":12},"end":{"line":181,"column":14}},"107":{"start":{"line":179,"column":14},"end":{"line":179,"column":83}},"108":{"start":{"line":180,"column":14},"end":{"line":180,"column":25}},"109":{"start":{"line":183,"column":12},"end":{"line":183,"column":18}},"110":{"start":{"line":187,"column":8},"end":{"line":189,"column":9}},"111":{"start":{"line":188,"column":10},"end":{"line":188,"column":89}},"112":{"start":{"line":190,"column":8},"end":{"line":192,"column":9}},"113":{"start":{"line":191,"column":10},"end":{"line":191,"column":91}},"114":{"start":{"line":193,"column":8},"end":{"line":195,"column":9}},"115":{"start":{"line":194,"column":10},"end":{"line":194,"column":89}},"116":{"start":{"line":197,"column":8},"end":{"line":199,"column":9}},"117":{"start":{"line":198,"column":10},"end":{"line":198,"column":83}},"118":{"start":{"line":200,"column":8},"end":{"line":202,"column":9}},"119":{"start":{"line":201,"column":10},"end":{"line":201,"column":85}},"120":{"start":{"line":203,"column":8},"end":{"line":205,"column":9}},"121":{"start":{"line":204,"column":10},"end":{"line":204,"column":83}},"122":{"start":{"line":207,"column":8},"end":{"line":209,"column":9}},"123":{"start":{"line":208,"column":10},"end":{"line":208,"column":97}},"124":{"start":{"line":211,"column":8},"end":{"line":213,"column":9}},"125":{"start":{"line":212,"column":10},"end":{"line":212,"column":100}},"126":{"start":{"line":215,"column":8},"end":{"line":217,"column":9}},"127":{"start":{"line":216,"column":10},"end":{"line":216,"column":97}},"128":{"start":{"line":222,"column":4},"end":{"line":222,"column":77}},"129":{"start":{"line":223,"column":4},"end":{"line":223,"column":79}},"130":{"start":{"line":224,"column":4},"end":{"line":224,"column":77}},"131":{"start":{"line":226,"column":4},"end":{"line":238,"column":6}},"132":{"start":{"line":227,"column":6},"end":{"line":237,"column":8}},"133":{"start":{"line":228,"column":8},"end":{"line":228,"column":35}},"134":{"start":{"line":230,"column":8},"end":{"line":235,"column":9}},"135":{"start":{"line":231,"column":10},"end":{"line":231,"column":127}},"136":{"start":{"line":231,"column":56},"end":{"line":231,"column":126}},"137":{"start":{"line":232,"column":10},"end":{"line":234,"column":12}},"138":{"start":{"line":233,"column":12},"end":{"line":233,"column":27}},"139":{"start":{"line":236,"column":8},"end":{"line":236,"column":32}},"140":{"start":{"line":240,"column":4},"end":{"line":240,"column":99}},"141":{"start":{"line":240,"column":54},"end":{"line":240,"column":97}},"142":{"start":{"line":243,"column":2},"end":{"line":243,"column":95}},"143":{"start":{"line":243,"column":54},"end":{"line":243,"column":93}},"144":{"start":{"line":246,"column":0},"end":{"line":276,"column":1}},"145":{"start":{"line":247,"column":2},"end":{"line":249,"column":3}},"146":{"start":{"line":248,"column":4},"end":{"line":248,"column":22}},"147":{"start":{"line":248,"column":23},"end":{"line":248,"column":34}},"148":{"start":{"line":251,"column":2},"end":{"line":267,"column":3}},"149":{"start":{"line":252,"column":4},"end":{"line":252,"column":27}},"150":{"start":{"line":254,"column":4},"end":{"line":264,"column":6}},"151":{"start":{"line":255,"column":6},"end":{"line":255,"column":46}},"152":{"start":{"line":256,"column":6},"end":{"line":260,"column":7}},"153":{"start":{"line":257,"column":8},"end":{"line":257,"column":61}},"154":{"start":{"line":259,"column":8},"end":{"line":259,"column":63}},"155":{"start":{"line":262,"column":6},"end":{"line":262,"column":18}},"156":{"start":{"line":263,"column":6},"end":{"line":263,"column":30}},"157":{"start":{"line":266,"column":4},"end":{"line":266,"column":95}},"158":{"start":{"line":266,"column":55},"end":{"line":266,"column":93}},"159":{"start":{"line":269,"column":2},"end":{"line":275,"column":3}},"160":{"start":{"line":270,"column":4},"end":{"line":270,"column":12}},"161":{"start":{"line":272,"column":4},"end":{"line":274,"column":6}},"162":{"start":{"line":273,"column":6},"end":{"line":273,"column":14}},"163":{"start":{"line":278,"column":0},"end":{"line":306,"column":1}},"164":{"start":{"line":279,"column":2},"end":{"line":305,"column":3}},"165":{"start":{"line":280,"column":4},"end":{"line":280,"column":32}},"166":{"start":{"line":281,"column":4},"end":{"line":281,"column":28}},"167":{"start":{"line":282,"column":4},"end":{"line":282,"column":32}},"168":{"start":{"line":284,"column":4},"end":{"line":284,"column":88}},"169":{"start":{"line":286,"column":4},"end":{"line":297,"column":6}},"170":{"start":{"line":287,"column":6},"end":{"line":287,"column":32}},"171":{"start":{"line":288,"column":6},"end":{"line":288,"column":34}},"172":{"start":{"line":289,"column":6},"end":{"line":289,"column":57}},"173":{"start":{"line":290,"column":6},"end":{"line":290,"column":34}},"174":{"start":{"line":291,"column":6},"end":{"line":291,"column":34}},"175":{"start":{"line":293,"column":6},"end":{"line":293,"column":28}},"176":{"start":{"line":294,"column":6},"end":{"line":296,"column":8}},"177":{"start":{"line":295,"column":8},"end":{"line":295,"column":72}},"178":{"start":{"line":295,"column":46},"end":{"line":295,"column":71}},"179":{"start":{"line":299,"column":4},"end":{"line":299,"column":93}},"180":{"start":{"line":299,"column":54},"end":{"line":299,"column":91}},"181":{"start":{"line":300,"column":9},"end":{"line":305,"column":3}},"182":{"start":{"line":303,"column":4},"end":{"line":303,"column":91}},"183":{"start":{"line":303,"column":24},"end":{"line":303,"column":90}},"184":{"start":{"line":304,"column":4},"end":{"line":304,"column":68}},"185":{"start":{"line":304,"column":42},"end":{"line":304,"column":67}},"186":{"start":{"line":308,"column":0},"end":{"line":323,"column":1}},"187":{"start":{"line":309,"column":2},"end":{"line":322,"column":3}},"188":{"start":{"line":310,"column":4},"end":{"line":316,"column":6}},"189":{"start":{"line":311,"column":6},"end":{"line":311,"column":49}},"190":{"start":{"line":311,"column":19},"end":{"line":311,"column":48}},"191":{"start":{"line":312,"column":6},"end":{"line":315,"column":8}},"192":{"start":{"line":313,"column":8},"end":{"line":313,"column":51}},"193":{"start":{"line":313,"column":21},"end":{"line":313,"column":50}},"194":{"start":{"line":314,"column":8},"end":{"line":314,"column":72}},"195":{"start":{"line":314,"column":46},"end":{"line":314,"column":71}},"196":{"start":{"line":318,"column":4},"end":{"line":321,"column":6}},"197":{"start":{"line":319,"column":6},"end":{"line":319,"column":49}},"198":{"start":{"line":319,"column":19},"end":{"line":319,"column":48}},"199":{"start":{"line":320,"column":6},"end":{"line":320,"column":70}},"200":{"start":{"line":320,"column":44},"end":{"line":320,"column":69}},"201":{"start":{"line":325,"column":0},"end":{"line":325,"column":27}}},"branchMap":{"1":{"line":14,"type":"if","locations":[{"start":{"line":14,"column":2},"end":{"line":14,"column":2}},{"start":{"line":14,"column":2},"end":{"line":14,"column":2}}]},"2":{"line":14,"type":"binary-expr","locations":[{"start":{"line":14,"column":6},"end":{"line":14,"column":12}},{"start":{"line":14,"column":16},"end":{"line":14,"column":42}}]},"3":{"line":15,"type":"if","locations":[{"start":{"line":15,"column":2},"end":{"line":15,"column":2}},{"start":{"line":15,"column":2},"end":{"line":15,"column":2}}]},"4":{"line":16,"type":"if","locations":[{"start":{"line":16,"column":4},"end":{"line":16,"column":4}},{"start":{"line":16,"column":4},"end":{"line":16,"column":4}}]},"5":{"line":72,"type":"if","locations":[{"start":{"line":72,"column":2},"end":{"line":72,"column":2}},{"start":{"line":72,"column":2},"end":{"line":72,"column":2}}]},"6":{"line":74,"type":"if","locations":[{"start":{"line":74,"column":9},"end":{"line":74,"column":9}},{"start":{"line":74,"column":9},"end":{"line":74,"column":9}}]},"7":{"line":76,"type":"if","locations":[{"start":{"line":76,"column":9},"end":{"line":76,"column":9}},{"start":{"line":76,"column":9},"end":{"line":76,"column":9}}]},"8":{"line":80,"type":"if","locations":[{"start":{"line":80,"column":2},"end":{"line":80,"column":2}},{"start":{"line":80,"column":2},"end":{"line":80,"column":2}}]},"9":{"line":80,"type":"binary-expr","locations":[{"start":{"line":80,"column":6},"end":{"line":80,"column":15}},{"start":{"line":80,"column":19},"end":{"line":80,"column":47}}]},"10":{"line":83,"type":"if","locations":[{"start":{"line":83,"column":2},"end":{"line":83,"column":2}},{"start":{"line":83,"column":2},"end":{"line":83,"column":2}}]},"11":{"line":135,"type":"if","locations":[{"start":{"line":135,"column":6},"end":{"line":135,"column":6}},{"start":{"line":135,"column":6},"end":{"line":135,"column":6}}]},"12":{"line":137,"type":"if","locations":[{"start":{"line":137,"column":8},"end":{"line":137,"column":8}},{"start":{"line":137,"column":8},"end":{"line":137,"column":8}}]},"13":{"line":137,"type":"binary-expr","locations":[{"start":{"line":137,"column":12},"end":{"line":137,"column":42}},{"start":{"line":138,"column":11},"end":{"line":138,"column":71}},{"start":{"line":139,"column":11},"end":{"line":139,"column":72}}]},"14":{"line":152,"type":"if","locations":[{"start":{"line":152,"column":10},"end":{"line":152,"column":10}},{"start":{"line":152,"column":10},"end":{"line":152,"column":10}}]},"15":{"line":153,"type":"if","locations":[{"start":{"line":153,"column":12},"end":{"line":153,"column":12}},{"start":{"line":153,"column":12},"end":{"line":153,"column":12}}]},"16":{"line":164,"type":"if","locations":[{"start":{"line":164,"column":10},"end":{"line":164,"column":10}},{"start":{"line":164,"column":10},"end":{"line":164,"column":10}}]},"17":{"line":165,"type":"if","locations":[{"start":{"line":165,"column":12},"end":{"line":165,"column":12}},{"start":{"line":165,"column":12},"end":{"line":165,"column":12}}]},"18":{"line":176,"type":"if","locations":[{"start":{"line":176,"column":10},"end":{"line":176,"column":10}},{"start":{"line":176,"column":10},"end":{"line":176,"column":10}}]},"19":{"line":177,"type":"if","locations":[{"start":{"line":177,"column":12},"end":{"line":177,"column":12}},{"start":{"line":177,"column":12},"end":{"line":177,"column":12}}]},"20":{"line":187,"type":"if","locations":[{"start":{"line":187,"column":8},"end":{"line":187,"column":8}},{"start":{"line":187,"column":8},"end":{"line":187,"column":8}}]},"21":{"line":190,"type":"if","locations":[{"start":{"line":190,"column":8},"end":{"line":190,"column":8}},{"start":{"line":190,"column":8},"end":{"line":190,"column":8}}]},"22":{"line":193,"type":"if","locations":[{"start":{"line":193,"column":8},"end":{"line":193,"column":8}},{"start":{"line":193,"column":8},"end":{"line":193,"column":8}}]},"23":{"line":197,"type":"if","locations":[{"start":{"line":197,"column":8},"end":{"line":197,"column":8}},{"start":{"line":197,"column":8},"end":{"line":197,"column":8}}]},"24":{"line":200,"type":"if","locations":[{"start":{"line":200,"column":8},"end":{"line":200,"column":8}},{"start":{"line":200,"column":8},"end":{"line":200,"column":8}}]},"25":{"line":203,"type":"if","locations":[{"start":{"line":203,"column":8},"end":{"line":203,"column":8}},{"start":{"line":203,"column":8},"end":{"line":203,"column":8}}]},"26":{"line":207,"type":"if","locations":[{"start":{"line":207,"column":8},"end":{"line":207,"column":8}},{"start":{"line":207,"column":8},"end":{"line":207,"column":8}}]},"27":{"line":211,"type":"if","locations":[{"start":{"line":211,"column":8},"end":{"line":211,"column":8}},{"start":{"line":211,"column":8},"end":{"line":211,"column":8}}]},"28":{"line":215,"type":"if","locations":[{"start":{"line":215,"column":8},"end":{"line":215,"column":8}},{"start":{"line":215,"column":8},"end":{"line":215,"column":8}}]},"29":{"line":230,"type":"if","locations":[{"start":{"line":230,"column":8},"end":{"line":230,"column":8}},{"start":{"line":230,"column":8},"end":{"line":230,"column":8}}]},"30":{"line":247,"type":"if","locations":[{"start":{"line":247,"column":2},"end":{"line":247,"column":2}},{"start":{"line":247,"column":2},"end":{"line":247,"column":2}}]},"31":{"line":247,"type":"binary-expr","locations":[{"start":{"line":247,"column":6},"end":{"line":247,"column":15}},{"start":{"line":247,"column":19},"end":{"line":247,"column":47}}]},"32":{"line":256,"type":"if","locations":[{"start":{"line":256,"column":6},"end":{"line":256,"column":6}},{"start":{"line":256,"column":6},"end":{"line":256,"column":6}}]},"33":{"line":269,"type":"if","locations":[{"start":{"line":269,"column":2},"end":{"line":269,"column":2}},{"start":{"line":269,"column":2},"end":{"line":269,"column":2}}]},"34":{"line":279,"type":"if","locations":[{"start":{"line":279,"column":2},"end":{"line":279,"column":2}},{"start":{"line":279,"column":2},"end":{"line":279,"column":2}}]},"35":{"line":295,"type":"if","locations":[{"start":{"line":295,"column":8},"end":{"line":295,"column":8}},{"start":{"line":295,"column":8},"end":{"line":295,"column":8}}]},"36":{"line":300,"type":"if","locations":[{"start":{"line":300,"column":9},"end":{"line":300,"column":9}},{"start":{"line":300,"column":9},"end":{"line":300,"column":9}}]},"37":{"line":303,"type":"if","locations":[{"start":{"line":303,"column":4},"end":{"line":303,"column":4}},{"start":{"line":303,"column":4},"end":{"line":303,"column":4}}]},"38":{"line":304,"type":"if","locations":[{"start":{"line":304,"column":4},"end":{"line":304,"column":4}},{"start":{"line":304,"column":4},"end":{"line":304,"column":4}}]},"39":{"line":309,"type":"if","locations":[{"start":{"line":309,"column":2},"end":{"line":309,"column":2}},{"start":{"line":309,"column":2},"end":{"line":309,"column":2}}]},"40":{"line":311,"type":"if","locations":[{"start":{"line":311,"column":6},"end":{"line":311,"column":6}},{"start":{"line":311,"column":6},"end":{"line":311,"column":6}}]},"41":{"line":313,"type":"if","locations":[{"start":{"line":313,"column":8},"end":{"line":313,"column":8}},{"start":{"line":313,"column":8},"end":{"line":313,"column":8}}]},"42":{"line":314,"type":"if","locations":[{"start":{"line":314,"column":8},"end":{"line":314,"column":8}},{"start":{"line":314,"column":8},"end":{"line":314,"column":8}}]},"43":{"line":319,"type":"if","locations":[{"start":{"line":319,"column":6},"end":{"line":319,"column":6}},{"start":{"line":319,"column":6},"end":{"line":319,"column":6}}]},"44":{"line":320,"type":"if","locations":[{"start":{"line":320,"column":6},"end":{"line":320,"column":6}},{"start":{"line":320,"column":6},"end":{"line":320,"column":6}}]}},"code":["'use strict'","","// //////////////////////////////////////////////////////////////////////////","// actionhero framework in node.js","// http://www.actionherojs.com","// https://github.com/actionhero/actionhero","","const path = require('path')","const async = require('async')","","// HELPERS ///","","const fatalError = function (api, errors, type) {","  if (errors && !(errors instanceof Array)) { errors = [errors] }","  if (errors) {","    if (api.log) {","      api.log(['Error with initializer step: %s', type], 'emerg')","      errors.forEach((error) => { api.log(error.stack, 'emerg') })","    } else {","      console.error('Error with initializer step: ' + type)","      errors.forEach((error) => { console.error(error.stack) })","    }","    api.commands.stop.call(api, () => {","      process.exit(1)","    })","  }","}","","const sortNumber = function (a, b) {","  return a - b","}","","let startCount = 0","","const flattenOrderedInitialzer = function (collection) {","  let output = []","  let keys = []","  for (let key in collection) {","    keys.push(parseInt(key))","  }","  keys.sort(sortNumber)","  keys.forEach((key) => {","    collection[key].forEach((d) => {","      output.push(d)","    })","  })","","  return output","}","","// ACTIONHERO //","","const actionhero = function () {","  this.initializers = {}","  this.api = {","    running: false,","    initialized: false,","    shuttingDown: false","  }","}","","actionhero.prototype.initialize = function (params, callback) {","  this.api.commands = {","    initialize: (params, callback) => { this.initialize(params, callback) },","    start: (params, callback) => { this.start(params, callback) },","    stop: (callback) => { this.stop(callback) },","    restart: (callback) => { this.restart(callback) }","  }","","  this.api.projectRoot = process.cwd()","","  if (process.env.project_root) {","    this.api.projectRoot = process.env.project_root","  } else if (process.env.projectRoot) {","    this.api.projectRoot = process.env.projectRoot","  } else if (process.env.PROJECT_ROOT) {","    this.api.projectRoot = process.env.PROJECT_ROOT","  }","","  if (!callback && typeof params === 'function') {","    callback = params; params = {}","  }","  if (params === null) { params = {} }","  this.startingParams = params","  this.api._startingParams = this.startingParams","","  this.api.initializerDefaults = {","    load: 1000,","    start: 1000,","    stop: 1000","  }","","  let loadInitializerRankings = {}","  let startInitializerRankings = {}","  let stopInitializerRankings = {}","","  this.configInitializers = []","  this.loadInitializers = []","  this.startInitializers = []","  this.stopInitializers = [];","","  // we need to load the config first","  [","    path.resolve(__dirname, 'initializers', 'utils.js'),","    path.resolve(__dirname, 'initializers', 'config.js')","  ].forEach((file) => {","    let filename = file.replace(/^.*[\\\\/]/, '')","    let initializer = filename.split('.')[0]","    delete require.cache[require.resolve(file)]","    this.initializers[initializer] = require(file)","    this.configInitializers.push((next) => {","      this.initializers[initializer].initialize(this.api, next)","    })","  })","","  this.configInitializers.push(() => {","    let customInitializers = []","    let duplicatedInitializers = []","    this.api.config.general.paths.initializer.forEach((startPath) => {","      customInitializers = customInitializers.concat(this.api.utils.recursiveDirectoryGlob(startPath))","    })","    // load all other initializers","    this.api.utils.arrayUniqueify(","      this.api.utils.recursiveDirectoryGlob(path.join(__dirname, 'initializers'))","      .sort()","      .concat(","        customInitializers","        .sort()","      )","    ).forEach((f) => {","      let file = path.normalize(f)","      let initializer = path.basename(f).split('.')[0]","      let fileParts = file.split('.')","      let ext = fileParts[(fileParts.length - 1)]","      if (ext === 'js') {","        // check if initializer already exists (exclude utils and config)","        if (this.initializers[initializer] &&","           file !== path.resolve(__dirname, 'initializers', 'utils.js') &&","           file !== path.resolve(__dirname, 'initializers', 'config.js')) {","          duplicatedInitializers.push(file)","        } else {","          delete require.cache[require.resolve(file)]","          this.initializers[initializer] = require(file)","        }","","        const loadFunction = (next) => {","          this.api.watchFileAndAct(file, () => {","            this.api.log(['*** Rebooting due to initializer change (%s) ***', file], 'info')","            this.api.commands.restart()","          })","","          if (typeof this.initializers[initializer].initialize === 'function') {","            if (typeof this.api.log === 'function') { this.api.log(['Loading initializer: %s', initializer], 'debug', file) }","            this.initializers[initializer].initialize(this.api, (error) => {","              try { this.api.log(
[...]
lumn":6},"end":{"line":97,"column":7}},"73":{"start":{"line":94,"column":8},"end":{"line":94,"column":41}},"74":{"start":{"line":96,"column":8},"end":{"line":96,"column":23}},"75":{"start":{"line":98,"column":6},"end":{"line":101,"column":9}},"76":{"start":{"line":102,"column":6},"end":{"line":102,"column":36}},"77":{"start":{"line":105,"column":4},"end":{"line":108,"column":6}},"78":{"start":{"line":106,"column":6},"end":{"line":106,"column":64}},"79":{"start":{"line":107,"column":6},"end":{"line":107,"column":36}},"80":{"start":{"line":111,"column":2},"end":{"line":111,"column":53}},"81":{"start":{"line":111,"column":37},"end":{"line":111,"column":51}},"82":{"start":{"line":112,"column":2},"end":{"line":112,"column":54}},"83":{"start":{"line":112,"column":38},"end":{"line":112,"column":52}},"84":{"start":{"line":113,"column":2},"end":{"line":113,"column":56}},"85":{"start":{"line":113,"column":38},"end":{"line":113,"column":54}},"86":{"start":{"line":115,"column":2},"end":{"line":123,"column":3}},"87":{"start":{"line":116,"column":4},"end":{"line":119,"column":6}},"88":{"start":{"line":120,"column":4},"end":{"line":122,"column":6}},"89":{"start":{"line":121,"column":6},"end":{"line":121,"column":28}},"90":{"start":{"line":126,"column":2},"end":{"line":128,"column":4}},"91":{"start":{"line":127,"column":4},"end":{"line":127,"column":15}}},"branchMap":{"1":{"line":12,"type":"if","locations":[{"start":{"line":12,"column":2},"end":{"line":12,"column":2}},{"start":{"line":12,"column":2},"end":{"line":12,"column":2}}]},"2":{"line":18,"type":"if","locations":[{"start":{"line":18,"column":4},"end":{"line":18,"column":4}},{"start":{"line":18,"column":4},"end":{"line":18,"column":4}}]},"3":{"line":20,"type":"if","locations":[{"start":{"line":20,"column":6},"end":{"line":20,"column":6}},{"start":{"line":20,"column":6},"end":{"line":20,"column":6}}]},"4":{"line":25,"type":"if","locations":[{"start":{"line":25,"column":8},"end":{"line":25,"column":8}},{"start":{"line":25,"column":8},"end":{"line":25,"column":8}}]},"5":{"line":28,"type":"if","locations":[{"start":{"line":28,"column":8},"end":{"line":28,"column":8}},{"start":{"line":28,"column":8},"end":{"line":28,"column":8}}]},"6":{"line":35,"type":"if","locations":[{"start":{"line":35,"column":4},"end":{"line":35,"column":4}},{"start":{"line":35,"column":4},"end":{"line":35,"column":4}}]},"7":{"line":38,"type":"if","locations":[{"start":{"line":38,"column":6},"end":{"line":38,"column":6}},{"start":{"line":38,"column":6},"end":{"line":38,"column":6}}]},"8":{"line":40,"type":"if","locations":[{"start":{"line":40,"column":6},"end":{"line":40,"column":6}},{"start":{"line":40,"column":6},"end":{"line":40,"column":6}}]},"9":{"line":46,"type":"if","locations":[{"start":{"line":46,"column":4},"end":{"line":46,"column":4}},{"start":{"line":46,"column":4},"end":{"line":46,"column":4}}]},"10":{"line":48,"type":"if","locations":[{"start":{"line":48,"column":6},"end":{"line":48,"column":6}},{"start":{"line":48,"column":6},"end":{"line":48,"column":6}}]},"11":{"line":51,"type":"if","locations":[{"start":{"line":51,"column":6},"end":{"line":51,"column":6}},{"start":{"line":51,"column":6},"end":{"line":51,"column":6}}]},"12":{"line":53,"type":"if","locations":[{"start":{"line":53,"column":6},"end":{"line":53,"column":6}},{"start":{"line":53,"column":6},"end":{"line":53,"column":6}}]},"13":{"line":72,"type":"if","locations":[{"start":{"line":72,"column":4},"end":{"line":72,"column":4}},{"start":{"line":72,"column":4},"end":{"line":72,"column":4}}]},"14":{"line":72,"type":"binary-expr","locations":[{"start":{"line":72,"column":8},"end":{"line":72,"column":28}},{"start":{"line":72,"column":32},"end":{"line":72,"column":51}}]},"15":{"line":78,"type":"if","locations":[{"start":{"line":78,"column":2},"end":{"line":78,"column":2}},{"start":{"line":78,"column":2},"end":{"line":78,"column":2}}]},"16":{"line":80,"type":"if","locations":[{"start":{"line":80,"column":6},"end":{"line":80,"column":6}},{"start":{"line":80,"column":6},"end":{"line":80,"column":6}}]},"17":{"line":82,"type":"if","locations":[{"start":{"line":82,"column":13},"end":{"line":82,"column":13}},{"start":{"line":82,"column":13},"end":{"line":82,"column":13}}]},"18":{"line":84,"type":"if","locations":[{"start":{"line":84,"column":13},"end":{"line":84,"column":13}},{"start":{"line":84,"column":13},"end":{"line":84,"column":13}}]},"19":{"line":88,"type":"if","locations":[{"start":{"line":88,"column":13},"end":{"line":88,"column":13}},{"start":{"line":88,"column":13},"end":{"line":88,"column":13}}]},"20":{"line":115,"type":"if","locations":[{"start":{"line":115,"column":2},"end":{"line":115,"column":2}},{"start":{"line":115,"column":2},"end":{"line":115,"column":2}}]},"21":{"line":115,"type":"binary-expr","locations":[{"start":{"line":115,"column":6},"end":{"line":115,"column":34}},{"start":{"line":115,"column":38},"end":{"line":115,"column":66}}]}},"code":["'use strict'","","const cluster = require('cluster')","const readline = require('readline')","const os = require('os')","","module.exports = function (api, next) {","  let state","","  // number of ms to wait to do a forcible shutdown if actionhero won't stop gracefully","  let shutdownTimeout = 1000 * 30","  if (process.env.ACTIONHERO_SHUTDOWN_TIMEOUT) {","    shutdownTimeout = parseInt(process.env.ACTIONHERO_SHUTDOWN_TIMEOUT)","  }","","  const startServer = function (callback) {","    state = 'starting'","    if (cluster.isWorker) { process.send({state: state}) }","    api._context.start(function (error, apiFromCallback) {","      if (error) {","        api.log(['%s', error])","        process.exit(1)","      } else {","        state = 'started'","        if (cluster.isWorker) { process.send({state: state}) }","        api = apiFromCallback","        checkForInernalStop()","        if (typeof callback === 'function') { callback(null, api) }","      }","    })","  }","","  const stopServer = function (callback) {","    state = 'stopping'","    if (cluster.isWorker) { process.send({state: state}) }","    api._context.stop(function () {","      state = 'stopped'","      if (cluster.isWorker) { process.send({state: state}) }","      api = null","      if (typeof callback === 'function') { callback(null, api) }","    })","  }","","  const restartServer = function (callback) {","    state = 'restarting'","    if (cluster.isWorker) { process.send({state: state}) }","    api._context.restart(function (error, apiFromCallback) {","      if (error) { throw (error) }","","      state = 'started'","      if (cluster.isWorker) { process.send({state: state}) }","      api = apiFromCallback","      if (typeof callback === 'function') { callback(null, api) }","    })","  }","","  const stopProcess = function () {","    setTimeout(function () {","      throw new Error('process stop timeout reached.  terminating now.')","    }, shutdownTimeout)","    // finalTimer.unref();","    stopServer(function () {","      process.nextTick(function () {","        process.exit()","      })","    })","  }","","  let checkForInernalStopTimer","  const checkForInernalStop = function () {","    clearTimeout(checkForInernalStopTimer)","    if (api.running !== true && state === 'started') {","      process.exit(0)","    }","    checkForInernalStopTimer = setTimeout(checkForInernalStop, shutdownTimeout)","  }","","  if (cluster.isWorker) {","    process.on('message', function (msg) {","      if (msg === 'start') {","        startServer()","      } else if (msg === 'stop') {","        stopServer()","      } else if (msg === 'stopProcess') {","        stopProcess()","      // in cluster, we cannot re-bind the port","      // so kill this worker, and then let the cluster start a new worker","      } else if (msg === 'restart') { stopProcess() }","    })","","    process.on('uncaughtException', function (error) {","      let stack","      try {","        stack = error.stack.split(os.EOL)","      } catch (e) {","        stack = [error]","      }","      process.send({uncaughtException: {","        message: error.message,","        stack: stack","      }})","      process.nextTick(process.exit)","    })","","    process.on('unhandledRejection', function (reason, p) {","      process.send({unhandledRejection: {reason: reason, p: p}})","      process.nextTick(process.exit)","    })","  }","","  process.on('SIGINT', function () { stopProcess() })","  process.on('SIGTERM', function () { stopProcess() })","  process.on('SIGUSR2', function () { restartServer() })","","  if (process.platform === 'win32' && !process.env.IISNODE_VERSION) {","    const rl = readline.createInterface({","      input: process.stdin,","      output: process.stdout","    })","    rl.on('SIGINT', function () {","      process.emit('SIGINT')","    })","  }","","  // start the server!","  startServer(function () {","    next(false)","  })","}",""],"l":{"3":1,"4":1,"5":1,"7":1,"8":0,"11":0,"12":0,"13":0,"16":0,"17":0,"18":0,"19":0,"20":0,"21":0,"22":0,"24":0,"25":0,"26":0,"27":0,"28":0,"33":0,"34":0,"35":0,"36":0,"37":0,"38":0,"39":0,"40":0,"44":0,"45":0,"46":0,"47":0,"48":0,"50":0,"51":0,"52":0,"53":0,"57":0,"58":0,"59":0,"62":0,"63":0,"64":0,"69":0,"70":0,"71":0,"72":0,"73":0,"75":0,"78":0,"79":0,"80":0,"81":0,"82":0,"83":0,"84":0,"85":0,"88":0,"91":0,"92":0,"93":0,"94":0,"96":0,"98":0,"102":0,"105":0,"106":0,"107":0,"111":0,"112":0,"113":0,"115":0,"116":0,"120":0,"121":0,"126":0,"127":0}},"/home/travis/build/npmtest/node-npmtest-actionhero/node_modules/actionhero/bin/methods/unlink.js":{"path":"/home/travis/build/npmtest/node-npmtest-actionhero/node_modules/actionhero/bin/methods/unlink.js","s":{"1":1,"2":1,"3":1,"4":1,"5":0,"6":0,"7":0,"8":0,"9":0,"10":0,"11":0,"12":0,"13":0,"14":0,"15":0,"16":0,"17":0,"18":0,"19":0,"20":0,"21":0,"22":0,"23":0},"b":{"1":[0,0],"2":[0,0],"3":[0,0],"4":[0,0]},"f":{"1":0,"2":0,"3":0},"fnMap":{"1":{"name":"(anonymous_1)","line":11,"loc":{"start":{"line":11,"column":17},"end":{"line":11,"column":38}}},"2":{"name":"(anonymous_2)","line":15,"loc":{"start":{"line":15,"column":42},"end":{"line":15,"column":64}}},"3":{"name":"(anonymous_3)","line":37,"loc":{"start":{"line":37,"column":12},"end":{"line":37,"column":25}}}},"statementMap":{"1":{"start":{"line":4,"column":0},"end":{"line":4,"column":28}},"2":{"start":{"line":5,"column":0},"end":{"line":5,"column":36}},"3":{"start":{"line":6,"column":0},"end":{"line":9,"column":7}},"4":{"start":{"line":11,"column":0},"end":{"line":49,"column":1}},"5":{"start":{"line":12,"column":2},"end":{"line":12,"column":53}},"6":{"start":{"line":13,"column":2},"end":{"line":13,"column":16}},"7":{"start":{"line":15,"column":2},"end":{"line":20,"column":4}},"8":{"start":{"line":16,"column":4},"end":{"line":16,"column":79}},"9":{"start":{"line":17,"column":4},"end":{"line":19,"column":5}},"10":{"start":{"line":18,"column":6},"end":{"line":18,"column":36}},"11":{"start":{"line":22,"column":2},"end":{"line":25,"column":3}},"12":{"start":{"line":23,"column":4},"end":{"line":23,"column":109}},"13":{"start":{"line":24,"column":4},"end":{"line":24,"column":27}},"14":{"start":{"line":27,"column":2},"end":{"line":27,"column":69}},"15":{"start":{"line":28,"column":2},"end":{"line":28,"column":68}},"16":{"start":{"line":31,"column":2},"end":{"line":44,"column":4}},"17":{"start":{"line":38,"column":4},"end":{"line":38,"column":103}},"18":{"start":{"line":39,"column":4},"end":{"line":39,"column":97}},"19":{"start":{"line":41,"column":4},"end":{"line":43,"column":5}},"20":{"start":{"line":42,"column":6},"end":{"line":42,"column":55}},"21":{"start":{"line":46,"column":2},"end":{"line":46,"column":78}},"22":{"start":{"line":47,"column":2},"end":{"line":47,"column":154}},"23":{"start":{"line":48,"column":2},"end":{"line":48,"column":18}}},"branchMap":{"1":{"line":17,"type":"if","locations":[{"start":{"line":17,"column":4},"end":{"line":17,"column":4}},{"start":{"line":17,"column":4},"end":{"line":17,"column":4}}]},"2":{"line":17,"type":"binary-expr","locations":[{"start":{"line":17,"column":8},"end":{"line":17,"column":19}},{"start":{"line":17,"column":23},"end":{"line":17,"column":77}}]},"3":{"line":22,"type":"if","locations":[{"start":{"line":22,"column":2},"end":{"line":22,"column":2}},{"start":{"line":22,"column":2},"end":{"line":22,"column":2}}]},"4":{"line":41,"type":"if","locations":[{"start":{"line":41,"column":4},"end":{"line":41,"column":4}},{"start":{"line":41,"column":4},"end":{"line":41,"column":4}}]}},"code":["'use strict'","","// use me to exclude the files from a plugin within this project","const path = require('path')","const optimist = require('optimist')","const argv = optimist","  .demand('name')","  .describe('name', 'The name of the plugin')","  .argv","","module.exports = function (api, next) {","  const linkRelativeBase = api.projectRoot + path.sep","  let pluginRoot","","  api.config.general.paths.plugin.forEach(function (pluginPath) {","    const pluginPathAttempt = path.normalize(pluginPath + path.sep + argv.name)","    if (!pluginRoot && api.utils.dirExists(pluginPath + path.sep + argv.name)) {","      pluginRoot = pluginPathAttempt","    }","  })","","  if (!pluginRoot) {","    api.log(['plugin `%s` not found in plugin paths', argv.name], 'warning', api.config.general.paths.plugin)","    return next(null, true)","  }","","  const pluginRootRelative = pluginRoot.replace(linkRelativeBase, '')","  api.log(['unlinking the plugin found at %s', pluginRootRelative]);","","  // unlink actionable files","  [","    ['action', 'actions'],","    ['task', 'tasks'],","    ['public', 'public'],","    ['server', 'servers'],","    ['initializer', 'initializers']","  ].forEach(function (c) {","    const localLinkDirectory = path.normalize(api.config.general.paths[c[0]][0] + path.sep + 'plugins')","    const localLinkLocation = path.normalize(localLinkDirectory + path.sep + argv.name + '.link')","","    if (api.utils.dirExists(localLinkDirectory)) {","      api.utils.removeLinkfileSafely(localLinkLocation)","    }","  })","","  api.log('Remember that config files have to be deleted manually', 'warning')","  api.log('If your plugin was installed via NPM, also be sure to remove it from your package.json or uninstall it with \"npm uninstall --save\"', 'warning')","  next(null, true)","}",""],"l":{"4":1,"5":1,"6":1,"11":1,"12":0,"13":0,"15":0,"16":0,"17":0,"18":0,"22":0,"23":0,"24":0,"27":0,"28":0,"31":0,"38":0,"39":0,"41":0,"42":0,"46":0,"47":0,"48":0}},"/home/travis/build/npmtest/node-npmtest-actionhero/node_modules/actionhero/bin/methods/version.js":{"path":"/home/travis/build/npmtest/node-npmtest-actionhero/node_modules/actionhero/bin/methods/version.js","s":{"1":1,"2":1,"3":1,"4":0,"5":0},"b":{},"f":{"1":0},"fnMap":{"1":{"name":"(anonymous_1)","line":6,"loc":{"start":{"line":6,"column":17},"end":{"line":6,"column":38}}}},"statementMap":{"1":{"start":{"line":3,"column":0},"end":{"line":3,"column":28}},"2":{"start":{"line":4,"column":0},"end":{"line":4,"column":72}},"3":{"start":{"line":6,"column":0},"end":{"line":9,"column":1}},"4":{"start":{"line":7,"column":2},"end":{"line":7,"column":34}},"5":{"start":{"line":8,"column":2},"end":{"line":8,"column":18}}},"branchMap":{},"code":["'use strict'","","const path = require('path')","const packageJSON = require(path.join(__dirname, '/../../package.json'))","","module.exports = function (api, next) {","  console.log(packageJSON.version)","  next(null, true)","}",""],"l":{"3":1,"4":1,"6":1,"7":0,"8":0}},"/home/travis/build/npmtest/node-npmtest-actionhero/node_modules/actionhero/bin/templates/action.js":{"path":"/home/travis/build/npmtest/node-npmtest-actionhero/node_modules/actionhero/bin/templates/action.js","s":{"1":1,"2":0,"3":0},"b":{},"f":{"1":0},"fnMap":{"1":{"name":"(anonymous_1)","line":15,"loc":{"start":{"line":15,"column":7},"end":{"line":15,"column":34}}}},"statementMap":{"1":{"start":{"line":3,"column":0},"end":{"line":20,"column":1}},"2":{"start":{"line":16,"column":4},"end":{"line":16,"column":20}},"3":{"start":{"line":18,"column":4},"end":{"line":18,"column":15}}},"branchMap":{},"code":["'use strict'","","exports.action = {","  name: '%%name%%',","  description: '%%description%%',","  blockedConnectionTypes: [],","  outputExample: {},","  matchExtensionMimeType: false,","  version: 1.0,","  toDocument: true,","  middleware: [],","","  inputs: {},","","  run: function (api, data, next) {","    let error = null","    // your logic here","    next(error)","  }","}",""],"l":{"3":1,"16":0,"18":0}},"/home/travis/build/npmtest/node-npmtest-actionhero/node_modules/actionhero/bin/templates/server.js":{"path":"/home/travis/build/npmtest/node-npmtest-actionhero/node_modules/actionhero/bin/templates/server.js","s":{"1":1,"2":0,"3":0,"4":0,"5":0,"6":0,"7":0,"8":0,"9":0,"10":0,"11":0,"12":0,"13":0,"14":0,"15":1},"b":{},"f":{"1":0,"2":0,"3":0,"4":0,"5":0,"6":0,"7":0,"8":0},"fnMap":{"1":{"name":"(anonymous_1)","line":3,"loc":{"start":{"line":3,"column":19},"end":{"line":3,"column":49}}},"2":{"name":"(anonymous_2)","line":24,"loc":{"start":{"line":24,"column":17},"end":{"line":24,"column":33}}},"3":{"name":"(anonymous_3)","line":28,"loc":{"start":{"line":28,"column":16},"end":{"line":28,"column":32}}},"4":{"name":"(anonymous_4)","line":32,"loc":{"start":{"line":32,"column":23},"end":{"line":32,"column":68}}},"5":{"name":"(anonymous_5)","line":36,"loc":{"start":{"line":36,"column":20},"end":{"line":36,"column":75}}},"6":{"name":"(anonymous_6)","line":40,"loc":{"start":{"line":40,"column":19},"end":{"line":40,"column":49}}},"7":{"name":"(anonymous_7)","line":48,"loc":{"start":{"line":48,"column":26},"end":{"line":48,"column":48}}},"8":{"name":"(anonymous_8)","line":52,"loc":{"start":{"line":52,"column":30},"end":{"line":52,"column":46}}}},"statementMap":{"1":{"start":{"line":3,"column":0},"end":{"line":61,"column":1}},"2":{"start":{"line":8,"column":2},"end":{"line":8,"column":25}},"3":{"start":{"line":10,"column":2},"end":{"line":16,"column":3}},"4":{"start":{"line":18,"column":2},"end":{"line":18,"column":65}},"5":{"start":{"line":24,"column":2},"end":{"line":26,"column":3}},"6":{"start":{"line":25,"column":4},"end":{"line":25,"column":10}},"7":{"start":{"line":28,"column":2},"end":{"line":30,"column":3}},"8":{"start":{"line":29,"column":4},"end":{"line":29,"column":10}},"9":{"start":{"line":32,"column":2},"end":{"line":34,"column":3}},"10":{"start":{"line":36,"column":2},"end":{"line":38,"column":3}},"11":{"start":{"line":40,"column":2},"end":{"line":42,"column":3}},"12":{"start":{"line":48,"column":2},"end":{"line":50,"column":4}},"13":{"start":{"line":52,"column":2},"end":{"line":54,"column":4}},"14":{"start":{"line":60,"column":2},"end":{"line":60,"column":14}},"15":{"start":{"line":63,"column":0},"end":{"line":63,"column":31}}},"branchMap":{},"code":["'use strict'","","const initialize = function (api, options, next) {","  // ////////","  // INIT //","  // ////////","","  const type = '%%name%%'","","  const attributes = {","    canChat: true,","    logConnections: true,","    logExits: true,","    sendWelcomeMessage: true,","    verbs: []","  }","","  const server = new api.GenericServer(type, options, attributes)","","  // ////////////////////","  // REQUIRED METHODS //","  // ////////////////////","","  server.start = function (next) {","    next()","  }","","  server.stop = function (next) {","    next()","  }","","  server.sendMessage = function (connection, message, messageCount) {","","  }","","  server.sendFile = function (connection, error, fileStream, mime, length) {","","  }","","  server.goodbye = function (connection, reason) {","","  }","","  // //////////","  // EVENTS //","  // //////////","","  server.on('connection', function (connection) {","","  })","","  server.on('actionComplete', function (data) {","","  })","","  // ///////////","  // HELPERS //","  // ///////////","","  next(server)","}","","exports.initialize = initialize",""],"l":{"3":1,"8":0,"10":0,"18":0,"24":0,"25":0,"28":0,"29":0,"32":0,"36":0,"40":0,"48":0,"52":0,"60":0,"63":1}}}